2019-12-19 00:35:18,274 INFO 60031 [Timer] /Users/haitaowu/real-lab/sparrow/packages/sparrow-server/node_modules/egg-multipart/app/schedule/clean_tmpdir.js next time will execute after 14081730ms at 2019-12-19 04:30:00.004
2019-12-19 00:35:18,275 INFO 60031 [Timer] /Users/haitaowu/real-lab/sparrow/packages/sparrow-server/node_modules/egg-logrotator/app/schedule/clean_log.js next time will execute after 84281726ms at 2019-12-20 00:00:00.001
2019-12-19 00:35:18,277 INFO 60031 [Timer] /Users/haitaowu/real-lab/sparrow/packages/sparrow-server/node_modules/egg-logrotator/app/schedule/rotate_by_file.js next time will execute after 84282725ms at 2019-12-20 00:00:01.002
2019-12-19 00:35:18,127 INFO 60032 [egg-schedule]: register schedule /Users/haitaowu/real-lab/sparrow/packages/sparrow-server/node_modules/egg-multipart/app/schedule/clean_tmpdir.js
2019-12-19 00:35:18,127 INFO 60032 [egg-schedule]: register schedule /Users/haitaowu/real-lab/sparrow/packages/sparrow-server/node_modules/egg-logrotator/app/schedule/clean_log.js
2019-12-19 00:35:18,127 INFO 60032 [egg-schedule]: register schedule /Users/haitaowu/real-lab/sparrow/packages/sparrow-server/node_modules/egg-logrotator/app/schedule/rotate_by_file.js
2019-12-19 00:40:05,014 INFO 60406 [egg-schedule]: register schedule /Users/haitaowu/real-lab/sparrow/packages/sparrow-server/node_modules/egg-multipart/app/schedule/clean_tmpdir.js
2019-12-19 00:40:05,014 INFO 60406 [egg-schedule]: register schedule /Users/haitaowu/real-lab/sparrow/packages/sparrow-server/node_modules/egg-logrotator/app/schedule/clean_log.js
2019-12-19 00:40:05,014 INFO 60406 [egg-schedule]: register schedule /Users/haitaowu/real-lab/sparrow/packages/sparrow-server/node_modules/egg-logrotator/app/schedule/rotate_by_file.js
2019-12-19 00:41:44,083 INFO 60538 [egg-schedule]: register schedule /Users/haitaowu/real-lab/sparrow/packages/sparrow-server/node_modules/egg-multipart/app/schedule/clean_tmpdir.js
2019-12-19 00:41:44,083 INFO 60538 [egg-schedule]: register schedule /Users/haitaowu/real-lab/sparrow/packages/sparrow-server/node_modules/egg-logrotator/app/schedule/clean_log.js
2019-12-19 00:41:44,083 INFO 60538 [egg-schedule]: register schedule /Users/haitaowu/real-lab/sparrow/packages/sparrow-server/node_modules/egg-logrotator/app/schedule/rotate_by_file.js
2019-12-19 00:42:28,651 INFO 60603 [Timer] /Users/haitaowu/real-lab/sparrow/packages/sparrow-server/node_modules/egg-multipart/app/schedule/clean_tmpdir.js next time will execute after 13651353ms at 2019-12-19 04:30:00.004
2019-12-19 00:42:28,652 INFO 60603 [Timer] /Users/haitaowu/real-lab/sparrow/packages/sparrow-server/node_modules/egg-logrotator/app/schedule/clean_log.js next time will execute after 83851348ms at 2019-12-20 00:00:00.000
2019-12-19 00:42:28,653 INFO 60603 [Timer] /Users/haitaowu/real-lab/sparrow/packages/sparrow-server/node_modules/egg-logrotator/app/schedule/rotate_by_file.js next time will execute after 83852348ms at 2019-12-20 00:00:01.001
2019-12-19 00:42:28,527 INFO 60604 [egg-schedule]: register schedule /Users/haitaowu/real-lab/sparrow/packages/sparrow-server/node_modules/egg-multipart/app/schedule/clean_tmpdir.js
2019-12-19 00:42:28,527 INFO 60604 [egg-schedule]: register schedule /Users/haitaowu/real-lab/sparrow/packages/sparrow-server/node_modules/egg-logrotator/app/schedule/clean_log.js
2019-12-19 00:42:28,528 INFO 60604 [egg-schedule]: register schedule /Users/haitaowu/real-lab/sparrow/packages/sparrow-server/node_modules/egg-logrotator/app/schedule/rotate_by_file.js
2019-12-19 00:43:33,446 INFO 60683 [egg-schedule]: register schedule /Users/haitaowu/real-lab/sparrow/packages/sparrow-server/node_modules/egg-multipart/app/schedule/clean_tmpdir.js
2019-12-19 00:43:33,446 INFO 60683 [egg-schedule]: register schedule /Users/haitaowu/real-lab/sparrow/packages/sparrow-server/node_modules/egg-logrotator/app/schedule/clean_log.js
2019-12-19 00:43:33,446 INFO 60683 [egg-schedule]: register schedule /Users/haitaowu/real-lab/sparrow/packages/sparrow-server/node_modules/egg-logrotator/app/schedule/rotate_by_file.js
2019-12-19 00:44:13,820 INFO 60758 [egg-schedule]: register schedule /Users/haitaowu/real-lab/sparrow/packages/sparrow-server/node_modules/egg-multipart/app/schedule/clean_tmpdir.js
2019-12-19 00:44:13,820 INFO 60758 [egg-schedule]: register schedule /Users/haitaowu/real-lab/sparrow/packages/sparrow-server/node_modules/egg-logrotator/app/schedule/clean_log.js
2019-12-19 00:44:13,820 INFO 60758 [egg-schedule]: register schedule /Users/haitaowu/real-lab/sparrow/packages/sparrow-server/node_modules/egg-logrotator/app/schedule/rotate_by_file.js
2019-12-19 00:44:14,966 INFO 60765 [egg-schedule]: register schedule /Users/haitaowu/real-lab/sparrow/packages/sparrow-server/node_modules/egg-multipart/app/schedule/clean_tmpdir.js
2019-12-19 00:44:14,966 INFO 60765 [egg-schedule]: register schedule /Users/haitaowu/real-lab/sparrow/packages/sparrow-server/node_modules/egg-logrotator/app/schedule/clean_log.js
2019-12-19 00:44:14,966 INFO 60765 [egg-schedule]: register schedule /Users/haitaowu/real-lab/sparrow/packages/sparrow-server/node_modules/egg-logrotator/app/schedule/rotate_by_file.js
2019-12-19 00:45:55,105 INFO 60880 [egg-schedule]: register schedule /Users/haitaowu/real-lab/sparrow/packages/sparrow-server/node_modules/egg-multipart/app/schedule/clean_tmpdir.js
2019-12-19 00:45:55,105 INFO 60880 [egg-schedule]: register schedule /Users/haitaowu/real-lab/sparrow/packages/sparrow-server/node_modules/egg-logrotator/app/schedule/clean_log.js
2019-12-19 00:45:55,105 INFO 60880 [egg-schedule]: register schedule /Users/haitaowu/real-lab/sparrow/packages/sparrow-server/node_modules/egg-logrotator/app/schedule/rotate_by_file.js
2019-12-19 00:46:59,013 INFO 60976 [egg-schedule]: register schedule /Users/haitaowu/real-lab/sparrow/packages/sparrow-server/node_modules/egg-multipart/app/schedule/clean_tmpdir.js
2019-12-19 00:46:59,013 INFO 60976 [egg-schedule]: register schedule /Users/haitaowu/real-lab/sparrow/packages/sparrow-server/node_modules/egg-logrotator/app/schedule/clean_log.js
2019-12-19 00:46:59,013 INFO 60976 [egg-schedule]: register schedule /Users/haitaowu/real-lab/sparrow/packages/sparrow-server/node_modules/egg-logrotator/app/schedule/rotate_by_file.js
2019-12-19 00:49:05,786 INFO 61124 [egg-schedule]: register schedule /Users/haitaowu/real-lab/sparrow/packages/sparrow-server/node_modules/egg-multipart/app/schedule/clean_tmpdir.js
2019-12-19 00:49:05,786 INFO 61124 [egg-schedule]: register schedule /Users/haitaowu/real-lab/sparrow/packages/sparrow-server/node_modules/egg-logrotator/app/schedule/clean_log.js
2019-12-19 00:49:05,786 INFO 61124 [egg-schedule]: register schedule /Users/haitaowu/real-lab/sparrow/packages/sparrow-server/node_modules/egg-logrotator/app/schedule/rotate_by_file.js
2019-12-19 00:49:30,927 INFO 61170 [egg-schedule]: register schedule /Users/haitaowu/real-lab/sparrow/packages/sparrow-server/node_modules/egg-multipart/app/schedule/clean_tmpdir.js
2019-12-19 00:49:30,927 INFO 61170 [egg-schedule]: register schedule /Users/haitaowu/real-lab/sparrow/packages/sparrow-server/node_modules/egg-logrotator/app/schedule/clean_log.js
2019-12-19 00:49:30,927 INFO 61170 [egg-schedule]: register schedule /Users/haitaowu/real-lab/sparrow/packages/sparrow-server/node_modules/egg-logrotator/app/schedule/rotate_by_file.js
2019-12-19 01:12:35,840 INFO 64319 [Timer] /Users/haitaowu/real-lab/sparrow/packages/sparrow-server/node_modules/egg-multipart/app/schedule/clean_tmpdir.js next time will execute after 11844163ms at 2019-12-19 04:30:00.003
2019-12-19 01:12:35,841 INFO 64319 [Timer] /Users/haitaowu/real-lab/sparrow/packages/sparrow-server/node_modules/egg-logrotator/app/schedule/clean_log.js next time will execute after 82044160ms at 2019-12-20 00:00:00.001
2019-12-19 01:12:35,841 INFO 64319 [Timer] /Users/haitaowu/real-lab/sparrow/packages/sparrow-server/node_modules/egg-logrotator/app/schedule/rotate_by_file.js next time will execute after 82045159ms at 2019-12-20 00:00:01.000
2019-12-19 01:12:35,609 INFO 64321 [egg-schedule]: register schedule /Users/haitaowu/real-lab/sparrow/packages/sparrow-server/node_modules/egg-multipart/app/schedule/clean_tmpdir.js
2019-12-19 01:12:35,610 INFO 64321 [egg-schedule]: register schedule /Users/haitaowu/real-lab/sparrow/packages/sparrow-server/node_modules/egg-logrotator/app/schedule/clean_log.js
2019-12-19 01:12:35,610 INFO 64321 [egg-schedule]: register schedule /Users/haitaowu/real-lab/sparrow/packages/sparrow-server/node_modules/egg-logrotator/app/schedule/rotate_by_file.js
2019-12-19 01:13:13,859 INFO 64413 [egg-schedule]: register schedule /Users/haitaowu/real-lab/sparrow/packages/sparrow-server/node_modules/egg-multipart/app/schedule/clean_tmpdir.js
2019-12-19 01:13:13,859 INFO 64413 [egg-schedule]: register schedule /Users/haitaowu/real-lab/sparrow/packages/sparrow-server/node_modules/egg-logrotator/app/schedule/clean_log.js
2019-12-19 01:13:13,859 INFO 64413 [egg-schedule]: register schedule /Users/haitaowu/real-lab/sparrow/packages/sparrow-server/node_modules/egg-logrotator/app/schedule/rotate_by_file.js
2019-12-19 01:14:26,235 INFO 64572 [Timer] /Users/haitaowu/real-lab/sparrow/packages/sparrow-server/node_modules/egg-multipart/app/schedule/clean_tmpdir.js next time will execute after 11733769ms at 2019-12-19 04:30:00.004
2019-12-19 01:14:26,236 INFO 64572 [Timer] /Users/haitaowu/real-lab/sparrow/packages/sparrow-server/node_modules/egg-logrotator/app/schedule/clean_log.js next time will execute after 81933765ms at 2019-12-20 00:00:00.001
2019-12-19 01:14:26,236 INFO 64572 [Timer] /Users/haitaowu/real-lab/sparrow/packages/sparrow-server/node_modules/egg-logrotator/app/schedule/rotate_by_file.js next time will execute after 81934764ms at 2019-12-20 00:00:01.000
2019-12-19 01:14:26,013 INFO 64584 [egg-schedule]: register schedule /Users/haitaowu/real-lab/sparrow/packages/sparrow-server/node_modules/egg-multipart/app/schedule/clean_tmpdir.js
2019-12-19 01:14:26,013 INFO 64584 [egg-schedule]: register schedule /Users/haitaowu/real-lab/sparrow/packages/sparrow-server/node_modules/egg-logrotator/app/schedule/clean_log.js
2019-12-19 01:14:26,013 INFO 64584 [egg-schedule]: register schedule /Users/haitaowu/real-lab/sparrow/packages/sparrow-server/node_modules/egg-logrotator/app/schedule/rotate_by_file.js
2019-12-19 01:16:32,495 INFO 65124 [Timer] /Users/haitaowu/real-lab/sparrow/packages/sparrow-server/node_modules/egg-multipart/app/schedule/clean_tmpdir.js next time will execute after 11607508ms at 2019-12-19 04:30:00.003
2019-12-19 01:16:32,495 INFO 65124 [Timer] /Users/haitaowu/real-lab/sparrow/packages/sparrow-server/node_modules/egg-logrotator/app/schedule/clean_log.js next time will execute after 81807505ms at 2019-12-20 00:00:00.000
2019-12-19 01:16:32,496 INFO 65124 [Timer] /Users/haitaowu/real-lab/sparrow/packages/sparrow-server/node_modules/egg-logrotator/app/schedule/rotate_by_file.js next time will execute after 81808505ms at 2019-12-20 00:00:01.001
2019-12-19 01:16:32,302 INFO 65126 [egg-schedule]: register schedule /Users/haitaowu/real-lab/sparrow/packages/sparrow-server/node_modules/egg-multipart/app/schedule/clean_tmpdir.js
2019-12-19 01:16:32,302 INFO 65126 [egg-schedule]: register schedule /Users/haitaowu/real-lab/sparrow/packages/sparrow-server/node_modules/egg-logrotator/app/schedule/clean_log.js
2019-12-19 01:16:32,302 INFO 65126 [egg-schedule]: register schedule /Users/haitaowu/real-lab/sparrow/packages/sparrow-server/node_modules/egg-logrotator/app/schedule/rotate_by_file.js
2019-12-19 01:17:34,365 INFO 65215 [Timer] /Users/haitaowu/real-lab/sparrow/packages/sparrow-server/node_modules/egg-multipart/app/schedule/clean_tmpdir.js next time will execute after 11545638ms at 2019-12-19 04:30:00.003
2019-12-19 01:17:34,366 INFO 65215 [Timer] /Users/haitaowu/real-lab/sparrow/packages/sparrow-server/node_modules/egg-logrotator/app/schedule/clean_log.js next time will execute after 81745634ms at 2019-12-20 00:00:00.000
2019-12-19 01:17:34,366 INFO 65215 [Timer] /Users/haitaowu/real-lab/sparrow/packages/sparrow-server/node_modules/egg-logrotator/app/schedule/rotate_by_file.js next time will execute after 81746634ms at 2019-12-20 00:00:01.000
2019-12-19 01:17:34,187 INFO 65217 [egg-schedule]: register schedule /Users/haitaowu/real-lab/sparrow/packages/sparrow-server/node_modules/egg-multipart/app/schedule/clean_tmpdir.js
2019-12-19 01:17:34,187 INFO 65217 [egg-schedule]: register schedule /Users/haitaowu/real-lab/sparrow/packages/sparrow-server/node_modules/egg-logrotator/app/schedule/clean_log.js
2019-12-19 01:17:34,187 INFO 65217 [egg-schedule]: register schedule /Users/haitaowu/real-lab/sparrow/packages/sparrow-server/node_modules/egg-logrotator/app/schedule/rotate_by_file.js
2019-12-19 14:54:59,207 INFO 92645 [Timer] /Users/haitaowu/real-lab/sparrow/packages/sparrow-server/node_modules/egg-multipart/app/schedule/clean_tmpdir.js next time will execute after 48900797ms at 2019-12-20 04:30:00.004
2019-12-19 14:54:59,208 INFO 92645 [Timer] /Users/haitaowu/real-lab/sparrow/packages/sparrow-server/node_modules/egg-logrotator/app/schedule/clean_log.js next time will execute after 32700792ms at 2019-12-20 00:00:00.000
2019-12-19 14:54:59,208 INFO 92645 [Timer] /Users/haitaowu/real-lab/sparrow/packages/sparrow-server/node_modules/egg-logrotator/app/schedule/rotate_by_file.js next time will execute after 32701792ms at 2019-12-20 00:00:01.000
2019-12-19 14:54:59,012 INFO 92651 [egg-schedule]: register schedule /Users/haitaowu/real-lab/sparrow/packages/sparrow-server/node_modules/egg-multipart/app/schedule/clean_tmpdir.js
2019-12-19 14:54:59,012 INFO 92651 [egg-schedule]: register schedule /Users/haitaowu/real-lab/sparrow/packages/sparrow-server/node_modules/egg-logrotator/app/schedule/clean_log.js
2019-12-19 14:54:59,012 INFO 92651 [egg-schedule]: register schedule /Users/haitaowu/real-lab/sparrow/packages/sparrow-server/node_modules/egg-logrotator/app/schedule/rotate_by_file.js
2019-12-19 15:15:29,838 INFO 93949 [Timer] /Users/haitaowu/real-lab/sparrow/packages/sparrow-server/node_modules/egg-multipart/app/schedule/clean_tmpdir.js next time will execute after 47670164ms at 2019-12-20 04:30:00.002
2019-12-19 15:15:29,839 INFO 93949 [Timer] /Users/haitaowu/real-lab/sparrow/packages/sparrow-server/node_modules/egg-logrotator/app/schedule/clean_log.js next time will execute after 31470162ms at 2019-12-20 00:00:00.001
2019-12-19 15:15:29,839 INFO 93949 [Timer] /Users/haitaowu/real-lab/sparrow/packages/sparrow-server/node_modules/egg-logrotator/app/schedule/rotate_by_file.js next time will execute after 31471161ms at 2019-12-20 00:00:01.000
2019-12-19 15:15:29,668 INFO 93959 [egg-schedule]: register schedule /Users/haitaowu/real-lab/sparrow/packages/sparrow-server/node_modules/egg-multipart/app/schedule/clean_tmpdir.js
2019-12-19 15:15:29,668 INFO 93959 [egg-schedule]: register schedule /Users/haitaowu/real-lab/sparrow/packages/sparrow-server/node_modules/egg-logrotator/app/schedule/clean_log.js
2019-12-19 15:15:29,668 INFO 93959 [egg-schedule]: register schedule /Users/haitaowu/real-lab/sparrow/packages/sparrow-server/node_modules/egg-logrotator/app/schedule/rotate_by_file.js
2019-12-19 15:16:20,539 INFO 94050 [Timer] /Users/haitaowu/real-lab/sparrow/packages/sparrow-server/node_modules/egg-multipart/app/schedule/clean_tmpdir.js next time will execute after 47619463ms at 2019-12-20 04:30:00.002
2019-12-19 15:16:20,540 INFO 94050 [Timer] /Users/haitaowu/real-lab/sparrow/packages/sparrow-server/node_modules/egg-logrotator/app/schedule/clean_log.js next time will execute after 31419461ms at 2019-12-20 00:00:00.001
2019-12-19 15:16:20,540 INFO 94050 [Timer] /Users/haitaowu/real-lab/sparrow/packages/sparrow-server/node_modules/egg-logrotator/app/schedule/rotate_by_file.js next time will execute after 31420460ms at 2019-12-20 00:00:01.000
2019-12-19 15:16:20,371 INFO 94066 [egg-schedule]: register schedule /Users/haitaowu/real-lab/sparrow/packages/sparrow-server/node_modules/egg-multipart/app/schedule/clean_tmpdir.js
2019-12-19 15:16:20,371 INFO 94066 [egg-schedule]: register schedule /Users/haitaowu/real-lab/sparrow/packages/sparrow-server/node_modules/egg-logrotator/app/schedule/clean_log.js
2019-12-19 15:16:20,371 INFO 94066 [egg-schedule]: register schedule /Users/haitaowu/real-lab/sparrow/packages/sparrow-server/node_modules/egg-logrotator/app/schedule/rotate_by_file.js
2019-12-19 15:31:56,427 INFO 94338 [Timer] /Users/haitaowu/real-lab/sparrow/packages/sparrow-server/node_modules/egg-multipart/app/schedule/clean_tmpdir.js next time will execute after 46683576ms at 2019-12-20 04:30:00.003
2019-12-19 15:31:56,427 INFO 94338 [Timer] /Users/haitaowu/real-lab/sparrow/packages/sparrow-server/node_modules/egg-logrotator/app/schedule/clean_log.js next time will execute after 30483573ms at 2019-12-20 00:00:00.000
2019-12-19 15:31:56,428 INFO 94338 [Timer] /Users/haitaowu/real-lab/sparrow/packages/sparrow-server/node_modules/egg-logrotator/app/schedule/rotate_by_file.js next time will execute after 30484573ms at 2019-12-20 00:00:01.001
2019-12-19 15:31:56,223 INFO 94339 [egg-schedule]: register schedule /Users/haitaowu/real-lab/sparrow/packages/sparrow-server/node_modules/egg-multipart/app/schedule/clean_tmpdir.js
2019-12-19 15:31:56,224 INFO 94339 [egg-schedule]: register schedule /Users/haitaowu/real-lab/sparrow/packages/sparrow-server/node_modules/egg-logrotator/app/schedule/clean_log.js
2019-12-19 15:31:56,224 INFO 94339 [egg-schedule]: register schedule /Users/haitaowu/real-lab/sparrow/packages/sparrow-server/node_modules/egg-logrotator/app/schedule/rotate_by_file.js
2019-12-19 15:48:27,075 INFO 95841 [Timer] /Users/haitaowu/real-lab/sparrow/packages/sparrow-server/node_modules/egg-multipart/app/schedule/clean_tmpdir.js next time will execute after 45692926ms at 2019-12-20 04:30:00.001
2019-12-19 15:48:27,076 INFO 95841 [Timer] /Users/haitaowu/real-lab/sparrow/packages/sparrow-server/node_modules/egg-logrotator/app/schedule/clean_log.js next time will execute after 29492924ms at 2019-12-20 00:00:00.000
2019-12-19 15:48:27,076 INFO 95841 [Timer] /Users/haitaowu/real-lab/sparrow/packages/sparrow-server/node_modules/egg-logrotator/app/schedule/rotate_by_file.js next time will execute after 29493924ms at 2019-12-20 00:00:01.000
2019-12-19 15:48:26,927 INFO 95847 [egg-schedule]: register schedule /Users/haitaowu/real-lab/sparrow/packages/sparrow-server/node_modules/egg-multipart/app/schedule/clean_tmpdir.js
2019-12-19 15:48:26,927 INFO 95847 [egg-schedule]: register schedule /Users/haitaowu/real-lab/sparrow/packages/sparrow-server/node_modules/egg-logrotator/app/schedule/clean_log.js
2019-12-19 15:48:26,927 INFO 95847 [egg-schedule]: register schedule /Users/haitaowu/real-lab/sparrow/packages/sparrow-server/node_modules/egg-logrotator/app/schedule/rotate_by_file.js
2019-12-19 16:56:24,422 INFO 3509 [egg-schedule]: register schedule /Users/haitaowu/real-lab/sparrow/packages/sparrow-server/node_modules/egg-multipart/app/schedule/clean_tmpdir.js
2019-12-19 16:56:24,422 INFO 3509 [egg-schedule]: register schedule /Users/haitaowu/real-lab/sparrow/packages/sparrow-server/node_modules/egg-logrotator/app/schedule/clean_log.js
2019-12-19 16:56:24,422 INFO 3509 [egg-schedule]: register schedule /Users/haitaowu/real-lab/sparrow/packages/sparrow-server/node_modules/egg-logrotator/app/schedule/rotate_by_file.js
2019-12-19 16:56:48,586 INFO 3549 [egg-schedule]: register schedule /Users/haitaowu/real-lab/sparrow/packages/sparrow-server/node_modules/egg-multipart/app/schedule/clean_tmpdir.js
2019-12-19 16:56:48,586 INFO 3549 [egg-schedule]: register schedule /Users/haitaowu/real-lab/sparrow/packages/sparrow-server/node_modules/egg-logrotator/app/schedule/clean_log.js
2019-12-19 16:56:48,586 INFO 3549 [egg-schedule]: register schedule /Users/haitaowu/real-lab/sparrow/packages/sparrow-server/node_modules/egg-logrotator/app/schedule/rotate_by_file.js
2019-12-19 17:04:28,742 INFO 4148 [egg-schedule]: register schedule /Users/haitaowu/real-lab/sparrow/packages/sparrow-server/node_modules/egg-multipart/app/schedule/clean_tmpdir.js
2019-12-19 17:04:28,742 INFO 4148 [egg-schedule]: register schedule /Users/haitaowu/real-lab/sparrow/packages/sparrow-server/node_modules/egg-logrotator/app/schedule/clean_log.js
2019-12-19 17:04:28,742 INFO 4148 [egg-schedule]: register schedule /Users/haitaowu/real-lab/sparrow/packages/sparrow-server/node_modules/egg-logrotator/app/schedule/rotate_by_file.js
2019-12-19 17:04:38,566 INFO 4173 [Timer] /Users/haitaowu/real-lab/sparrow/packages/sparrow-server/node_modules/egg-multipart/app/schedule/clean_tmpdir.js next time will execute after 41121435ms at 2019-12-20 04:30:00.001
2019-12-19 17:04:38,567 INFO 4173 [Timer] /Users/haitaowu/real-lab/sparrow/packages/sparrow-server/node_modules/egg-logrotator/app/schedule/clean_log.js next time will execute after 24921434ms at 2019-12-20 00:00:00.001
2019-12-19 17:04:38,567 INFO 4173 [Timer] /Users/haitaowu/real-lab/sparrow/packages/sparrow-server/node_modules/egg-logrotator/app/schedule/rotate_by_file.js next time will execute after 24922433ms at 2019-12-20 00:00:01.000
2019-12-19 17:04:38,379 INFO 4174 [egg-schedule]: register schedule /Users/haitaowu/real-lab/sparrow/packages/sparrow-server/node_modules/egg-multipart/app/schedule/clean_tmpdir.js
2019-12-19 17:04:38,379 INFO 4174 [egg-schedule]: register schedule /Users/haitaowu/real-lab/sparrow/packages/sparrow-server/node_modules/egg-logrotator/app/schedule/clean_log.js
2019-12-19 17:04:38,379 INFO 4174 [egg-schedule]: register schedule /Users/haitaowu/real-lab/sparrow/packages/sparrow-server/node_modules/egg-logrotator/app/schedule/rotate_by_file.js
2019-12-19 17:04:49,723 INFO 4185 [egg-schedule]: register schedule /Users/haitaowu/real-lab/sparrow/packages/sparrow-server/node_modules/egg-multipart/app/schedule/clean_tmpdir.js
2019-12-19 17:04:49,723 INFO 4185 [egg-schedule]: register schedule /Users/haitaowu/real-lab/sparrow/packages/sparrow-server/node_modules/egg-logrotator/app/schedule/clean_log.js
2019-12-19 17:04:49,723 INFO 4185 [egg-schedule]: register schedule /Users/haitaowu/real-lab/sparrow/packages/sparrow-server/node_modules/egg-logrotator/app/schedule/rotate_by_file.js
2019-12-19 17:05:11,392 INFO 4224 [egg-schedule]: register schedule /Users/haitaowu/real-lab/sparrow/packages/sparrow-server/node_modules/egg-multipart/app/schedule/clean_tmpdir.js
2019-12-19 17:05:11,392 INFO 4224 [egg-schedule]: register schedule /Users/haitaowu/real-lab/sparrow/packages/sparrow-server/node_modules/egg-logrotator/app/schedule/clean_log.js
2019-12-19 17:05:11,392 INFO 4224 [egg-schedule]: register schedule /Users/haitaowu/real-lab/sparrow/packages/sparrow-server/node_modules/egg-logrotator/app/schedule/rotate_by_file.js
2019-12-19 17:05:12,765 INFO 4233 [egg-schedule]: register schedule /Users/haitaowu/real-lab/sparrow/packages/sparrow-server/node_modules/egg-multipart/app/schedule/clean_tmpdir.js
2019-12-19 17:05:12,765 INFO 4233 [egg-schedule]: register schedule /Users/haitaowu/real-lab/sparrow/packages/sparrow-server/node_modules/egg-logrotator/app/schedule/clean_log.js
2019-12-19 17:05:12,765 INFO 4233 [egg-schedule]: register schedule /Users/haitaowu/real-lab/sparrow/packages/sparrow-server/node_modules/egg-logrotator/app/schedule/rotate_by_file.js
2019-12-19 17:05:28,995 INFO 4270 [egg-schedule]: register schedule /Users/haitaowu/real-lab/sparrow/packages/sparrow-server/node_modules/egg-multipart/app/schedule/clean_tmpdir.js
2019-12-19 17:05:28,995 INFO 4270 [egg-schedule]: register schedule /Users/haitaowu/real-lab/sparrow/packages/sparrow-server/node_modules/egg-logrotator/app/schedule/clean_log.js
2019-12-19 17:05:28,995 INFO 4270 [egg-schedule]: register schedule /Users/haitaowu/real-lab/sparrow/packages/sparrow-server/node_modules/egg-logrotator/app/schedule/rotate_by_file.js
2019-12-19 17:06:53,021 INFO 4396 [egg-schedule]: register schedule /Users/haitaowu/real-lab/sparrow/packages/sparrow-server/node_modules/egg-multipart/app/schedule/clean_tmpdir.js
2019-12-19 17:06:53,021 INFO 4396 [egg-schedule]: register schedule /Users/haitaowu/real-lab/sparrow/packages/sparrow-server/node_modules/egg-logrotator/app/schedule/clean_log.js
2019-12-19 17:06:53,021 INFO 4396 [egg-schedule]: register schedule /Users/haitaowu/real-lab/sparrow/packages/sparrow-server/node_modules/egg-logrotator/app/schedule/rotate_by_file.js
2019-12-19 17:08:50,191 INFO 4690 [egg-schedule]: register schedule /Users/haitaowu/real-lab/sparrow/packages/sparrow-server/node_modules/egg-multipart/app/schedule/clean_tmpdir.js
2019-12-19 17:08:50,191 INFO 4690 [egg-schedule]: register schedule /Users/haitaowu/real-lab/sparrow/packages/sparrow-server/node_modules/egg-logrotator/app/schedule/clean_log.js
2019-12-19 17:08:50,191 INFO 4690 [egg-schedule]: register schedule /Users/haitaowu/real-lab/sparrow/packages/sparrow-server/node_modules/egg-logrotator/app/schedule/rotate_by_file.js
2019-12-19 17:20:00,395 INFO 5599 [Timer] /Users/haitaowu/real-lab/sparrow/packages/sparrow-server/node_modules/egg-multipart/app/schedule/clean_tmpdir.js next time will execute after 40199607ms at 2019-12-20 04:30:00.002
2019-12-19 17:20:00,395 INFO 5599 [Timer] /Users/haitaowu/real-lab/sparrow/packages/sparrow-server/node_modules/egg-logrotator/app/schedule/clean_log.js next time will execute after 23999605ms at 2019-12-20 00:00:00.000
2019-12-19 17:20:00,395 INFO 5599 [Timer] /Users/haitaowu/real-lab/sparrow/packages/sparrow-server/node_modules/egg-logrotator/app/schedule/rotate_by_file.js next time will execute after 24000605ms at 2019-12-20 00:00:01.000
2019-12-19 17:20:00,251 INFO 5600 [egg-schedule]: register schedule /Users/haitaowu/real-lab/sparrow/packages/sparrow-server/node_modules/egg-multipart/app/schedule/clean_tmpdir.js
2019-12-19 17:20:00,251 INFO 5600 [egg-schedule]: register schedule /Users/haitaowu/real-lab/sparrow/packages/sparrow-server/node_modules/egg-logrotator/app/schedule/clean_log.js
2019-12-19 17:20:00,251 INFO 5600 [egg-schedule]: register schedule /Users/haitaowu/real-lab/sparrow/packages/sparrow-server/node_modules/egg-logrotator/app/schedule/rotate_by_file.js
2019-12-19 17:20:33,262 INFO 5638 [Timer] /Users/haitaowu/real-lab/sparrow/packages/sparrow-server/node_modules/egg-multipart/app/schedule/clean_tmpdir.js next time will execute after 40166739ms at 2019-12-20 04:30:00.001
2019-12-19 17:20:33,262 INFO 5638 [Timer] /Users/haitaowu/real-lab/sparrow/packages/sparrow-server/node_modules/egg-logrotator/app/schedule/clean_log.js next time will execute after 23966738ms at 2019-12-20 00:00:00.000
2019-12-19 17:20:33,263 INFO 5638 [Timer] /Users/haitaowu/real-lab/sparrow/packages/sparrow-server/node_modules/egg-logrotator/app/schedule/rotate_by_file.js next time will execute after 23967738ms at 2019-12-20 00:00:01.001
2019-12-19 17:20:33,129 INFO 5639 [egg-schedule]: register schedule /Users/haitaowu/real-lab/sparrow/packages/sparrow-server/node_modules/egg-multipart/app/schedule/clean_tmpdir.js
2019-12-19 17:20:33,129 INFO 5639 [egg-schedule]: register schedule /Users/haitaowu/real-lab/sparrow/packages/sparrow-server/node_modules/egg-logrotator/app/schedule/clean_log.js
2019-12-19 17:20:33,129 INFO 5639 [egg-schedule]: register schedule /Users/haitaowu/real-lab/sparrow/packages/sparrow-server/node_modules/egg-logrotator/app/schedule/rotate_by_file.js
2019-12-19 17:22:04,203 INFO 5760 [Timer] /Users/haitaowu/real-lab/sparrow/packages/sparrow-server/node_modules/egg-multipart/app/schedule/clean_tmpdir.js next time will execute after 40075798ms at 2019-12-20 04:30:00.001
2019-12-19 17:22:04,203 INFO 5760 [Timer] /Users/haitaowu/real-lab/sparrow/packages/sparrow-server/node_modules/egg-logrotator/app/schedule/clean_log.js next time will execute after 23875797ms at 2019-12-20 00:00:00.000
2019-12-19 17:22:04,204 INFO 5760 [Timer] /Users/haitaowu/real-lab/sparrow/packages/sparrow-server/node_modules/egg-logrotator/app/schedule/rotate_by_file.js next time will execute after 23876797ms at 2019-12-20 00:00:01.001
2019-12-19 17:22:04,061 INFO 5775 [egg-schedule]: register schedule /Users/haitaowu/real-lab/sparrow/packages/sparrow-server/node_modules/egg-multipart/app/schedule/clean_tmpdir.js
2019-12-19 17:22:04,061 INFO 5775 [egg-schedule]: register schedule /Users/haitaowu/real-lab/sparrow/packages/sparrow-server/node_modules/egg-logrotator/app/schedule/clean_log.js
2019-12-19 17:22:04,061 INFO 5775 [egg-schedule]: register schedule /Users/haitaowu/real-lab/sparrow/packages/sparrow-server/node_modules/egg-logrotator/app/schedule/rotate_by_file.js
2019-12-19 17:22:58,383 INFO 5844 [Timer] /Users/haitaowu/real-lab/sparrow/packages/sparrow-server/node_modules/egg-multipart/app/schedule/clean_tmpdir.js next time will execute after 40021619ms at 2019-12-20 04:30:00.002
2019-12-19 17:22:58,383 INFO 5844 [Timer] /Users/haitaowu/real-lab/sparrow/packages/sparrow-server/node_modules/egg-logrotator/app/schedule/clean_log.js next time will execute after 23821617ms at 2019-12-20 00:00:00.000
2019-12-19 17:22:58,383 INFO 5844 [Timer] /Users/haitaowu/real-lab/sparrow/packages/sparrow-server/node_modules/egg-logrotator/app/schedule/rotate_by_file.js next time will execute after 23822617ms at 2019-12-20 00:00:01.000
2019-12-19 17:22:58,251 INFO 5845 [egg-schedule]: register schedule /Users/haitaowu/real-lab/sparrow/packages/sparrow-server/node_modules/egg-multipart/app/schedule/clean_tmpdir.js
2019-12-19 17:22:58,251 INFO 5845 [egg-schedule]: register schedule /Users/haitaowu/real-lab/sparrow/packages/sparrow-server/node_modules/egg-logrotator/app/schedule/clean_log.js
2019-12-19 17:22:58,251 INFO 5845 [egg-schedule]: register schedule /Users/haitaowu/real-lab/sparrow/packages/sparrow-server/node_modules/egg-logrotator/app/schedule/rotate_by_file.js
2019-12-19 17:26:56,095 INFO 6159 [Timer] /Users/haitaowu/real-lab/sparrow/packages/sparrow-server/node_modules/egg-multipart/app/schedule/clean_tmpdir.js next time will execute after 39783907ms at 2019-12-20 04:30:00.002
2019-12-19 17:26:56,095 INFO 6159 [Timer] /Users/haitaowu/real-lab/sparrow/packages/sparrow-server/node_modules/egg-logrotator/app/schedule/clean_log.js next time will execute after 23583905ms at 2019-12-20 00:00:00.000
2019-12-19 17:26:56,095 INFO 6159 [Timer] /Users/haitaowu/real-lab/sparrow/packages/sparrow-server/node_modules/egg-logrotator/app/schedule/rotate_by_file.js next time will execute after 23584905ms at 2019-12-20 00:00:01.000
2019-12-19 17:26:55,967 INFO 6164 [egg-schedule]: register schedule /Users/haitaowu/real-lab/sparrow/packages/sparrow-server/node_modules/egg-multipart/app/schedule/clean_tmpdir.js
2019-12-19 17:26:55,967 INFO 6164 [egg-schedule]: register schedule /Users/haitaowu/real-lab/sparrow/packages/sparrow-server/node_modules/egg-logrotator/app/schedule/clean_log.js
2019-12-19 17:26:55,967 INFO 6164 [egg-schedule]: register schedule /Users/haitaowu/real-lab/sparrow/packages/sparrow-server/node_modules/egg-logrotator/app/schedule/rotate_by_file.js
2019-12-19 17:29:35,124 INFO 6407 [egg-schedule]: register schedule /Users/haitaowu/real-lab/sparrow/packages/sparrow-server/node_modules/egg-multipart/app/schedule/clean_tmpdir.js
2019-12-19 17:29:35,124 INFO 6407 [egg-schedule]: register schedule /Users/haitaowu/real-lab/sparrow/packages/sparrow-server/node_modules/egg-logrotator/app/schedule/clean_log.js
2019-12-19 17:29:35,124 INFO 6407 [egg-schedule]: register schedule /Users/haitaowu/real-lab/sparrow/packages/sparrow-server/node_modules/egg-logrotator/app/schedule/rotate_by_file.js
2019-12-19 17:29:36,529 INFO 6410 [egg-schedule]: register schedule /Users/haitaowu/real-lab/sparrow/packages/sparrow-server/node_modules/egg-multipart/app/schedule/clean_tmpdir.js
2019-12-19 17:29:36,529 INFO 6410 [egg-schedule]: register schedule /Users/haitaowu/real-lab/sparrow/packages/sparrow-server/node_modules/egg-logrotator/app/schedule/clean_log.js
2019-12-19 17:29:36,529 INFO 6410 [egg-schedule]: register schedule /Users/haitaowu/real-lab/sparrow/packages/sparrow-server/node_modules/egg-logrotator/app/schedule/rotate_by_file.js
2019-12-19 17:40:29,234 INFO 7257 [Timer] /Users/haitaowu/real-lab/sparrow/packages/sparrow-server/node_modules/egg-multipart/app/schedule/clean_tmpdir.js next time will execute after 38970768ms at 2019-12-20 04:30:00.002
2019-12-19 17:40:29,234 INFO 7257 [Timer] /Users/haitaowu/real-lab/sparrow/packages/sparrow-server/node_modules/egg-logrotator/app/schedule/clean_log.js next time will execute after 22770766ms at 2019-12-20 00:00:00.000
2019-12-19 17:40:29,234 INFO 7257 [Timer] /Users/haitaowu/real-lab/sparrow/packages/sparrow-server/node_modules/egg-logrotator/app/schedule/rotate_by_file.js next time will execute after 22771766ms at 2019-12-20 00:00:01.000
2019-12-19 17:40:29,091 INFO 7260 [egg-schedule]: register schedule /Users/haitaowu/real-lab/sparrow/packages/sparrow-server/node_modules/egg-multipart/app/schedule/clean_tmpdir.js
2019-12-19 17:40:29,091 INFO 7260 [egg-schedule]: register schedule /Users/haitaowu/real-lab/sparrow/packages/sparrow-server/node_modules/egg-logrotator/app/schedule/clean_log.js
2019-12-19 17:40:29,091 INFO 7260 [egg-schedule]: register schedule /Users/haitaowu/real-lab/sparrow/packages/sparrow-server/node_modules/egg-logrotator/app/schedule/rotate_by_file.js
2019-12-19 17:50:55,829 INFO 8422 [Timer] /Users/haitaowu/real-lab/sparrow/packages/sparrow-server/node_modules/egg-multipart/app/schedule/clean_tmpdir.js next time will execute after 38344173ms at 2019-12-20 04:30:00.002
2019-12-19 17:50:55,829 INFO 8422 [Timer] /Users/haitaowu/real-lab/sparrow/packages/sparrow-server/node_modules/egg-logrotator/app/schedule/clean_log.js next time will execute after 22144171ms at 2019-12-20 00:00:00.000
2019-12-19 17:50:55,829 INFO 8422 [Timer] /Users/haitaowu/real-lab/sparrow/packages/sparrow-server/node_modules/egg-logrotator/app/schedule/rotate_by_file.js next time will execute after 22145171ms at 2019-12-20 00:00:01.000
2019-12-19 17:50:55,669 INFO 8425 [egg-schedule]: register schedule /Users/haitaowu/real-lab/sparrow/packages/sparrow-server/node_modules/egg-multipart/app/schedule/clean_tmpdir.js
2019-12-19 17:50:55,669 INFO 8425 [egg-schedule]: register schedule /Users/haitaowu/real-lab/sparrow/packages/sparrow-server/node_modules/egg-logrotator/app/schedule/clean_log.js
2019-12-19 17:50:55,669 INFO 8425 [egg-schedule]: register schedule /Users/haitaowu/real-lab/sparrow/packages/sparrow-server/node_modules/egg-logrotator/app/schedule/rotate_by_file.js
2019-12-19 18:14:51,275 INFO 11095 [Timer] /Users/haitaowu/real-lab/sparrow/packages/sparrow-server/node_modules/egg-multipart/app/schedule/clean_tmpdir.js next time will execute after 36908727ms at 2019-12-20 04:30:00.002
2019-12-19 18:14:51,275 INFO 11095 [Timer] /Users/haitaowu/real-lab/sparrow/packages/sparrow-server/node_modules/egg-logrotator/app/schedule/clean_log.js next time will execute after 20708725ms at 2019-12-20 00:00:00.000
2019-12-19 18:14:51,276 INFO 11095 [Timer] /Users/haitaowu/real-lab/sparrow/packages/sparrow-server/node_modules/egg-logrotator/app/schedule/rotate_by_file.js next time will execute after 20709725ms at 2019-12-20 00:00:01.001
2019-12-19 18:14:51,085 INFO 11108 [egg-schedule]: register schedule /Users/haitaowu/real-lab/sparrow/packages/sparrow-server/node_modules/egg-multipart/app/schedule/clean_tmpdir.js
2019-12-19 18:14:51,085 INFO 11108 [egg-schedule]: register schedule /Users/haitaowu/real-lab/sparrow/packages/sparrow-server/node_modules/egg-logrotator/app/schedule/clean_log.js
2019-12-19 18:14:51,085 INFO 11108 [egg-schedule]: register schedule /Users/haitaowu/real-lab/sparrow/packages/sparrow-server/node_modules/egg-logrotator/app/schedule/rotate_by_file.js
2019-12-19 18:17:55,535 INFO 11488 [Timer] /Users/haitaowu/real-lab/sparrow/packages/sparrow-server/node_modules/egg-multipart/app/schedule/clean_tmpdir.js next time will execute after 36724468ms at 2019-12-20 04:30:00.003
2019-12-19 18:17:55,535 INFO 11488 [Timer] /Users/haitaowu/real-lab/sparrow/packages/sparrow-server/node_modules/egg-logrotator/app/schedule/clean_log.js next time will execute after 20524465ms at 2019-12-20 00:00:00.000
2019-12-19 18:17:55,535 INFO 11488 [Timer] /Users/haitaowu/real-lab/sparrow/packages/sparrow-server/node_modules/egg-logrotator/app/schedule/rotate_by_file.js next time will execute after 20525465ms at 2019-12-20 00:00:01.000
2019-12-19 18:17:55,345 INFO 11497 [egg-schedule]: register schedule /Users/haitaowu/real-lab/sparrow/packages/sparrow-server/node_modules/egg-multipart/app/schedule/clean_tmpdir.js
2019-12-19 18:17:55,345 INFO 11497 [egg-schedule]: register schedule /Users/haitaowu/real-lab/sparrow/packages/sparrow-server/node_modules/egg-logrotator/app/schedule/clean_log.js
2019-12-19 18:17:55,345 INFO 11497 [egg-schedule]: register schedule /Users/haitaowu/real-lab/sparrow/packages/sparrow-server/node_modules/egg-logrotator/app/schedule/rotate_by_file.js
2019-12-19 18:19:38,427 INFO 11843 [Timer] /Users/haitaowu/real-lab/sparrow/packages/sparrow-server/node_modules/egg-multipart/app/schedule/clean_tmpdir.js next time will execute after 36621575ms at 2019-12-20 04:30:00.002
2019-12-19 18:19:38,428 INFO 11843 [Timer] /Users/haitaowu/real-lab/sparrow/packages/sparrow-server/node_modules/egg-logrotator/app/schedule/clean_log.js next time will execute after 20421572ms at 2019-12-20 00:00:00.000
2019-12-19 18:19:38,428 INFO 11843 [Timer] /Users/haitaowu/real-lab/sparrow/packages/sparrow-server/node_modules/egg-logrotator/app/schedule/rotate_by_file.js next time will execute after 20422572ms at 2019-12-20 00:00:01.000
2019-12-19 18:19:38,254 INFO 11851 [egg-schedule]: register schedule /Users/haitaowu/real-lab/sparrow/packages/sparrow-server/node_modules/egg-multipart/app/schedule/clean_tmpdir.js
2019-12-19 18:19:38,254 INFO 11851 [egg-schedule]: register schedule /Users/haitaowu/real-lab/sparrow/packages/sparrow-server/node_modules/egg-logrotator/app/schedule/clean_log.js
2019-12-19 18:19:38,254 INFO 11851 [egg-schedule]: register schedule /Users/haitaowu/real-lab/sparrow/packages/sparrow-server/node_modules/egg-logrotator/app/schedule/rotate_by_file.js
2019-12-19 18:20:09,225 INFO 11922 [Timer] /Users/haitaowu/real-lab/sparrow/packages/sparrow-server/node_modules/egg-multipart/app/schedule/clean_tmpdir.js next time will execute after 36590777ms at 2019-12-20 04:30:00.002
2019-12-19 18:20:09,225 INFO 11922 [Timer] /Users/haitaowu/real-lab/sparrow/packages/sparrow-server/node_modules/egg-logrotator/app/schedule/clean_log.js next time will execute after 20390775ms at 2019-12-20 00:00:00.000
2019-12-19 18:20:09,226 INFO 11922 [Timer] /Users/haitaowu/real-lab/sparrow/packages/sparrow-server/node_modules/egg-logrotator/app/schedule/rotate_by_file.js next time will execute after 20391775ms at 2019-12-20 00:00:01.001
2019-12-19 18:20:09,081 INFO 11927 [egg-schedule]: register schedule /Users/haitaowu/real-lab/sparrow/packages/sparrow-server/node_modules/egg-multipart/app/schedule/clean_tmpdir.js
2019-12-19 18:20:09,081 INFO 11927 [egg-schedule]: register schedule /Users/haitaowu/real-lab/sparrow/packages/sparrow-server/node_modules/egg-logrotator/app/schedule/clean_log.js
2019-12-19 18:20:09,081 INFO 11927 [egg-schedule]: register schedule /Users/haitaowu/real-lab/sparrow/packages/sparrow-server/node_modules/egg-logrotator/app/schedule/rotate_by_file.js
2019-12-19 18:22:05,017 INFO 12111 [Timer] /Users/haitaowu/real-lab/sparrow/packages/sparrow-server/node_modules/egg-multipart/app/schedule/clean_tmpdir.js next time will execute after 36474984ms at 2019-12-20 04:30:00.001
2019-12-19 18:22:05,018 INFO 12111 [Timer] /Users/haitaowu/real-lab/sparrow/packages/sparrow-server/node_modules/egg-logrotator/app/schedule/clean_log.js next time will execute after 20274983ms at 2019-12-20 00:00:00.001
2019-12-19 18:22:05,018 INFO 12111 [Timer] /Users/haitaowu/real-lab/sparrow/packages/sparrow-server/node_modules/egg-logrotator/app/schedule/rotate_by_file.js next time will execute after 20275982ms at 2019-12-20 00:00:01.000
2019-12-19 18:22:04,844 INFO 12116 [egg-schedule]: register schedule /Users/haitaowu/real-lab/sparrow/packages/sparrow-server/node_modules/egg-multipart/app/schedule/clean_tmpdir.js
2019-12-19 18:22:04,844 INFO 12116 [egg-schedule]: register schedule /Users/haitaowu/real-lab/sparrow/packages/sparrow-server/node_modules/egg-logrotator/app/schedule/clean_log.js
2019-12-19 18:22:04,844 INFO 12116 [egg-schedule]: register schedule /Users/haitaowu/real-lab/sparrow/packages/sparrow-server/node_modules/egg-logrotator/app/schedule/rotate_by_file.js
2019-12-19 18:23:47,584 INFO 12315 [Timer] /Users/haitaowu/real-lab/sparrow/packages/sparrow-server/node_modules/egg-multipart/app/schedule/clean_tmpdir.js next time will execute after 36372417ms at 2019-12-20 04:30:00.001
2019-12-19 18:23:47,584 INFO 12315 [Timer] /Users/haitaowu/real-lab/sparrow/packages/sparrow-server/node_modules/egg-logrotator/app/schedule/clean_log.js next time will execute after 20172416ms at 2019-12-20 00:00:00.000
2019-12-19 18:23:47,585 INFO 12315 [Timer] /Users/haitaowu/real-lab/sparrow/packages/sparrow-server/node_modules/egg-logrotator/app/schedule/rotate_by_file.js next time will execute after 20173416ms at 2019-12-20 00:00:01.001
2019-12-19 18:23:47,403 INFO 12335 [egg-schedule]: register schedule /Users/haitaowu/real-lab/sparrow/packages/sparrow-server/node_modules/egg-multipart/app/schedule/clean_tmpdir.js
2019-12-19 18:23:47,403 INFO 12335 [egg-schedule]: register schedule /Users/haitaowu/real-lab/sparrow/packages/sparrow-server/node_modules/egg-logrotator/app/schedule/clean_log.js
2019-12-19 18:23:47,403 INFO 12335 [egg-schedule]: register schedule /Users/haitaowu/real-lab/sparrow/packages/sparrow-server/node_modules/egg-logrotator/app/schedule/rotate_by_file.js
2019-12-19 18:32:58,202 INFO 12955 [Timer] /Users/haitaowu/real-lab/sparrow/packages/sparrow-server/node_modules/egg-multipart/app/schedule/clean_tmpdir.js next time will execute after 35821802ms at 2019-12-20 04:30:00.003
2019-12-19 18:32:58,202 INFO 12955 [Timer] /Users/haitaowu/real-lab/sparrow/packages/sparrow-server/node_modules/egg-logrotator/app/schedule/clean_log.js next time will execute after 19621798ms at 2019-12-20 00:00:00.000
2019-12-19 18:32:58,202 INFO 12955 [Timer] /Users/haitaowu/real-lab/sparrow/packages/sparrow-server/node_modules/egg-logrotator/app/schedule/rotate_by_file.js next time will execute after 19622798ms at 2019-12-20 00:00:01.000
2019-12-19 18:32:58,011 INFO 12960 [egg-schedule]: register schedule /Users/haitaowu/real-lab/sparrow/packages/sparrow-server/node_modules/egg-multipart/app/schedule/clean_tmpdir.js
2019-12-19 18:32:58,011 INFO 12960 [egg-schedule]: register schedule /Users/haitaowu/real-lab/sparrow/packages/sparrow-server/node_modules/egg-logrotator/app/schedule/clean_log.js
2019-12-19 18:32:58,011 INFO 12960 [egg-schedule]: register schedule /Users/haitaowu/real-lab/sparrow/packages/sparrow-server/node_modules/egg-logrotator/app/schedule/rotate_by_file.js
2019-12-19 18:34:33,728 INFO 13107 [egg-schedule]: register schedule /Users/haitaowu/real-lab/sparrow/packages/sparrow-server/node_modules/egg-multipart/app/schedule/clean_tmpdir.js
2019-12-19 18:34:33,728 INFO 13107 [egg-schedule]: register schedule /Users/haitaowu/real-lab/sparrow/packages/sparrow-server/node_modules/egg-logrotator/app/schedule/clean_log.js
2019-12-19 18:34:33,728 INFO 13107 [egg-schedule]: register schedule /Users/haitaowu/real-lab/sparrow/packages/sparrow-server/node_modules/egg-logrotator/app/schedule/rotate_by_file.js
2019-12-19 20:05:41,296 INFO 22011 [egg-schedule]: register schedule /Users/haitaowu/real-lab/sparrow/packages/sparrow-server/node_modules/egg-multipart/app/schedule/clean_tmpdir.js
2019-12-19 20:05:41,296 INFO 22011 [egg-schedule]: register schedule /Users/haitaowu/real-lab/sparrow/packages/sparrow-server/node_modules/egg-logrotator/app/schedule/clean_log.js
2019-12-19 20:05:41,296 INFO 22011 [egg-schedule]: register schedule /Users/haitaowu/real-lab/sparrow/packages/sparrow-server/node_modules/egg-logrotator/app/schedule/rotate_by_file.js
2019-12-19 20:05:43,287 INFO 22025 [egg-schedule]: register schedule /Users/haitaowu/real-lab/sparrow/packages/sparrow-server/node_modules/egg-multipart/app/schedule/clean_tmpdir.js
2019-12-19 20:05:43,287 INFO 22025 [egg-schedule]: register schedule /Users/haitaowu/real-lab/sparrow/packages/sparrow-server/node_modules/egg-logrotator/app/schedule/clean_log.js
2019-12-19 20:05:43,287 INFO 22025 [egg-schedule]: register schedule /Users/haitaowu/real-lab/sparrow/packages/sparrow-server/node_modules/egg-logrotator/app/schedule/rotate_by_file.js
2019-12-19 20:05:44,161 INFO 22035 [egg-schedule]: register schedule /Users/haitaowu/real-lab/sparrow/packages/sparrow-server/node_modules/egg-multipart/app/schedule/clean_tmpdir.js
2019-12-19 20:05:44,161 INFO 22035 [egg-schedule]: register schedule /Users/haitaowu/real-lab/sparrow/packages/sparrow-server/node_modules/egg-logrotator/app/schedule/clean_log.js
2019-12-19 20:05:44,161 INFO 22035 [egg-schedule]: register schedule /Users/haitaowu/real-lab/sparrow/packages/sparrow-server/node_modules/egg-logrotator/app/schedule/rotate_by_file.js
2019-12-19 20:05:45,973 INFO 22050 [egg-schedule]: register schedule /Users/haitaowu/real-lab/sparrow/packages/sparrow-server/node_modules/egg-multipart/app/schedule/clean_tmpdir.js
2019-12-19 20:05:45,973 INFO 22050 [egg-schedule]: register schedule /Users/haitaowu/real-lab/sparrow/packages/sparrow-server/node_modules/egg-logrotator/app/schedule/clean_log.js
2019-12-19 20:05:45,973 INFO 22050 [egg-schedule]: register schedule /Users/haitaowu/real-lab/sparrow/packages/sparrow-server/node_modules/egg-logrotator/app/schedule/rotate_by_file.js
2019-12-19 20:05:46,116 INFO 22051 [egg-schedule]: register schedule /Users/haitaowu/real-lab/sparrow/packages/sparrow-server/node_modules/egg-multipart/app/schedule/clean_tmpdir.js
2019-12-19 20:05:46,116 INFO 22051 [egg-schedule]: register schedule /Users/haitaowu/real-lab/sparrow/packages/sparrow-server/node_modules/egg-logrotator/app/schedule/clean_log.js
2019-12-19 20:05:46,116 INFO 22051 [egg-schedule]: register schedule /Users/haitaowu/real-lab/sparrow/packages/sparrow-server/node_modules/egg-logrotator/app/schedule/rotate_by_file.js
2019-12-19 20:05:46,718 INFO 22053 [egg-schedule]: register schedule /Users/haitaowu/real-lab/sparrow/packages/sparrow-server/node_modules/egg-multipart/app/schedule/clean_tmpdir.js
2019-12-19 20:05:46,718 INFO 22053 [egg-schedule]: register schedule /Users/haitaowu/real-lab/sparrow/packages/sparrow-server/node_modules/egg-logrotator/app/schedule/clean_log.js
2019-12-19 20:05:46,718 INFO 22053 [egg-schedule]: register schedule /Users/haitaowu/real-lab/sparrow/packages/sparrow-server/node_modules/egg-logrotator/app/schedule/rotate_by_file.js
2019-12-19 20:18:34,246 INFO 23077 [egg-schedule]: register schedule /Users/haitaowu/real-lab/sparrow/packages/sparrow-server/node_modules/egg-multipart/app/schedule/clean_tmpdir.js
2019-12-19 20:18:34,246 INFO 23077 [egg-schedule]: register schedule /Users/haitaowu/real-lab/sparrow/packages/sparrow-server/node_modules/egg-logrotator/app/schedule/clean_log.js
2019-12-19 20:18:34,246 INFO 23077 [egg-schedule]: register schedule /Users/haitaowu/real-lab/sparrow/packages/sparrow-server/node_modules/egg-logrotator/app/schedule/rotate_by_file.js
2019-12-19 20:18:34,606 INFO 23066 [Timer] /Users/haitaowu/real-lab/sparrow/packages/sparrow-server/node_modules/egg-multipart/app/schedule/clean_tmpdir.js next time will execute after 29485399ms at 2019-12-20 04:30:00.005
2019-12-19 20:18:34,606 INFO 23066 [Timer] /Users/haitaowu/real-lab/sparrow/packages/sparrow-server/node_modules/egg-logrotator/app/schedule/clean_log.js next time will execute after 13285394ms at 2019-12-20 00:00:00.000
2019-12-19 20:18:34,606 INFO 23066 [Timer] /Users/haitaowu/real-lab/sparrow/packages/sparrow-server/node_modules/egg-logrotator/app/schedule/rotate_by_file.js next time will execute after 13286394ms at 2019-12-20 00:00:01.000
2019-12-19 20:25:31,245 INFO 23976 [Timer] /Users/haitaowu/real-lab/sparrow/packages/sparrow-server/node_modules/egg-multipart/app/schedule/clean_tmpdir.js next time will execute after 29068757ms at 2019-12-20 04:30:00.001
2019-12-19 20:25:31,245 INFO 23976 [Timer] /Users/haitaowu/real-lab/sparrow/packages/sparrow-server/node_modules/egg-logrotator/app/schedule/clean_log.js next time will execute after 12868755ms at 2019-12-20 00:00:00.000
2019-12-19 20:25:31,245 INFO 23976 [Timer] /Users/haitaowu/real-lab/sparrow/packages/sparrow-server/node_modules/egg-logrotator/app/schedule/rotate_by_file.js next time will execute after 12869755ms at 2019-12-20 00:00:01.000
2019-12-19 20:25:31,090 INFO 23982 [egg-schedule]: register schedule /Users/haitaowu/real-lab/sparrow/packages/sparrow-server/node_modules/egg-multipart/app/schedule/clean_tmpdir.js
2019-12-19 20:25:31,091 INFO 23982 [egg-schedule]: register schedule /Users/haitaowu/real-lab/sparrow/packages/sparrow-server/node_modules/egg-logrotator/app/schedule/clean_log.js
2019-12-19 20:25:31,091 INFO 23982 [egg-schedule]: register schedule /Users/haitaowu/real-lab/sparrow/packages/sparrow-server/node_modules/egg-logrotator/app/schedule/rotate_by_file.js
2019-12-19 20:45:28,713 INFO 25474 [egg-schedule]: register schedule /Users/haitaowu/real-lab/sparrow/packages/sparrow-server/node_modules/egg-multipart/app/schedule/clean_tmpdir.js
2019-12-19 20:45:28,713 INFO 25474 [egg-schedule]: register schedule /Users/haitaowu/real-lab/sparrow/packages/sparrow-server/node_modules/egg-logrotator/app/schedule/clean_log.js
2019-12-19 20:45:28,713 INFO 25474 [egg-schedule]: register schedule /Users/haitaowu/real-lab/sparrow/packages/sparrow-server/node_modules/egg-logrotator/app/schedule/rotate_by_file.js
2019-12-19 20:45:51,209 INFO 25521 [Timer] /Users/haitaowu/real-lab/sparrow/packages/sparrow-server/node_modules/egg-multipart/app/schedule/clean_tmpdir.js next time will execute after 27848792ms at 2019-12-20 04:30:00.001
2019-12-19 20:45:51,210 INFO 25521 [Timer] /Users/haitaowu/real-lab/sparrow/packages/sparrow-server/node_modules/egg-logrotator/app/schedule/clean_log.js next time will execute after 11648791ms at 2019-12-20 00:00:00.001
2019-12-19 20:45:51,210 INFO 25521 [Timer] /Users/haitaowu/real-lab/sparrow/packages/sparrow-server/node_modules/egg-logrotator/app/schedule/rotate_by_file.js next time will execute after 11649790ms at 2019-12-20 00:00:01.000
2019-12-19 20:45:51,100 INFO 25526 [egg-schedule]: register schedule /Users/haitaowu/real-lab/sparrow/packages/sparrow-server/node_modules/egg-multipart/app/schedule/clean_tmpdir.js
2019-12-19 20:45:51,100 INFO 25526 [egg-schedule]: register schedule /Users/haitaowu/real-lab/sparrow/packages/sparrow-server/node_modules/egg-logrotator/app/schedule/clean_log.js
2019-12-19 20:45:51,100 INFO 25526 [egg-schedule]: register schedule /Users/haitaowu/real-lab/sparrow/packages/sparrow-server/node_modules/egg-logrotator/app/schedule/rotate_by_file.js
2019-12-19 20:46:42,990 INFO 25599 [egg-schedule]: register schedule /Users/haitaowu/real-lab/sparrow/packages/sparrow-server/node_modules/egg-multipart/app/schedule/clean_tmpdir.js
2019-12-19 20:46:42,990 INFO 25599 [egg-schedule]: register schedule /Users/haitaowu/real-lab/sparrow/packages/sparrow-server/node_modules/egg-logrotator/app/schedule/clean_log.js
2019-12-19 20:46:42,990 INFO 25599 [egg-schedule]: register schedule /Users/haitaowu/real-lab/sparrow/packages/sparrow-server/node_modules/egg-logrotator/app/schedule/rotate_by_file.js
2019-12-19 20:46:50,189 INFO 25639 [egg-schedule]: register schedule /Users/haitaowu/real-lab/sparrow/packages/sparrow-server/node_modules/egg-multipart/app/schedule/clean_tmpdir.js
2019-12-19 20:46:50,189 INFO 25639 [egg-schedule]: register schedule /Users/haitaowu/real-lab/sparrow/packages/sparrow-server/node_modules/egg-logrotator/app/schedule/clean_log.js
2019-12-19 20:46:50,189 INFO 25639 [egg-schedule]: register schedule /Users/haitaowu/real-lab/sparrow/packages/sparrow-server/node_modules/egg-logrotator/app/schedule/rotate_by_file.js
2019-12-19 20:47:06,415 INFO 25675 [Timer] /Users/haitaowu/real-lab/sparrow/packages/sparrow-server/node_modules/egg-multipart/app/schedule/clean_tmpdir.js next time will execute after 27773587ms at 2019-12-20 04:30:00.002
2019-12-19 20:47:06,415 INFO 25675 [Timer] /Users/haitaowu/real-lab/sparrow/packages/sparrow-server/node_modules/egg-logrotator/app/schedule/clean_log.js next time will execute after 11573585ms at 2019-12-20 00:00:00.000
2019-12-19 20:47:06,416 INFO 25675 [Timer] /Users/haitaowu/real-lab/sparrow/packages/sparrow-server/node_modules/egg-logrotator/app/schedule/rotate_by_file.js next time will execute after 11574585ms at 2019-12-20 00:00:01.001
2019-12-19 20:47:06,271 INFO 25680 [egg-schedule]: register schedule /Users/haitaowu/real-lab/sparrow/packages/sparrow-server/node_modules/egg-multipart/app/schedule/clean_tmpdir.js
2019-12-19 20:47:06,271 INFO 25680 [egg-schedule]: register schedule /Users/haitaowu/real-lab/sparrow/packages/sparrow-server/node_modules/egg-logrotator/app/schedule/clean_log.js
2019-12-19 20:47:06,271 INFO 25680 [egg-schedule]: register schedule /Users/haitaowu/real-lab/sparrow/packages/sparrow-server/node_modules/egg-logrotator/app/schedule/rotate_by_file.js
2019-12-19 20:49:02,856 INFO 25877 [Timer] /Users/haitaowu/real-lab/sparrow/packages/sparrow-server/node_modules/egg-multipart/app/schedule/clean_tmpdir.js next time will execute after 27657148ms at 2019-12-20 04:30:00.004
2019-12-19 20:49:02,856 INFO 25877 [Timer] /Users/haitaowu/real-lab/sparrow/packages/sparrow-server/node_modules/egg-logrotator/app/schedule/clean_log.js next time will execute after 11457144ms at 2019-12-20 00:00:00.000
2019-12-19 20:49:02,856 INFO 25877 [Timer] /Users/haitaowu/real-lab/sparrow/packages/sparrow-server/node_modules/egg-logrotator/app/schedule/rotate_by_file.js next time will execute after 11458144ms at 2019-12-20 00:00:01.000
2019-12-19 20:49:02,695 INFO 25893 [egg-schedule]: register schedule /Users/haitaowu/real-lab/sparrow/packages/sparrow-server/node_modules/egg-multipart/app/schedule/clean_tmpdir.js
2019-12-19 20:49:02,695 INFO 25893 [egg-schedule]: register schedule /Users/haitaowu/real-lab/sparrow/packages/sparrow-server/node_modules/egg-logrotator/app/schedule/clean_log.js
2019-12-19 20:49:02,695 INFO 25893 [egg-schedule]: register schedule /Users/haitaowu/real-lab/sparrow/packages/sparrow-server/node_modules/egg-logrotator/app/schedule/rotate_by_file.js
2019-12-19 20:49:28,195 INFO 25933 [egg-schedule]: register schedule /Users/haitaowu/real-lab/sparrow/packages/sparrow-server/node_modules/egg-multipart/app/schedule/clean_tmpdir.js
2019-12-19 20:49:28,195 INFO 25933 [egg-schedule]: register schedule /Users/haitaowu/real-lab/sparrow/packages/sparrow-server/node_modules/egg-logrotator/app/schedule/clean_log.js
2019-12-19 20:49:28,195 INFO 25933 [egg-schedule]: register schedule /Users/haitaowu/real-lab/sparrow/packages/sparrow-server/node_modules/egg-logrotator/app/schedule/rotate_by_file.js
2019-12-19 20:49:36,858 INFO 25968 [egg-schedule]: register schedule /Users/haitaowu/real-lab/sparrow/packages/sparrow-server/node_modules/egg-multipart/app/schedule/clean_tmpdir.js
2019-12-19 20:49:36,858 INFO 25968 [egg-schedule]: register schedule /Users/haitaowu/real-lab/sparrow/packages/sparrow-server/node_modules/egg-logrotator/app/schedule/clean_log.js
2019-12-19 20:49:36,858 INFO 25968 [egg-schedule]: register schedule /Users/haitaowu/real-lab/sparrow/packages/sparrow-server/node_modules/egg-logrotator/app/schedule/rotate_by_file.js
2019-12-19 20:49:38,225 INFO 25982 [egg-schedule]: register schedule /Users/haitaowu/real-lab/sparrow/packages/sparrow-server/node_modules/egg-multipart/app/schedule/clean_tmpdir.js
2019-12-19 20:49:38,225 INFO 25982 [egg-schedule]: register schedule /Users/haitaowu/real-lab/sparrow/packages/sparrow-server/node_modules/egg-logrotator/app/schedule/clean_log.js
2019-12-19 20:49:38,225 INFO 25982 [egg-schedule]: register schedule /Users/haitaowu/real-lab/sparrow/packages/sparrow-server/node_modules/egg-logrotator/app/schedule/rotate_by_file.js
2019-12-19 20:49:40,910 INFO 25988 [egg-schedule]: register schedule /Users/haitaowu/real-lab/sparrow/packages/sparrow-server/node_modules/egg-multipart/app/schedule/clean_tmpdir.js
2019-12-19 20:49:40,911 INFO 25988 [egg-schedule]: register schedule /Users/haitaowu/real-lab/sparrow/packages/sparrow-server/node_modules/egg-logrotator/app/schedule/clean_log.js
2019-12-19 20:49:40,911 INFO 25988 [egg-schedule]: register schedule /Users/haitaowu/real-lab/sparrow/packages/sparrow-server/node_modules/egg-logrotator/app/schedule/rotate_by_file.js
2019-12-19 20:49:42,646 INFO 25994 [egg-schedule]: register schedule /Users/haitaowu/real-lab/sparrow/packages/sparrow-server/node_modules/egg-multipart/app/schedule/clean_tmpdir.js
2019-12-19 20:49:42,646 INFO 25994 [egg-schedule]: register schedule /Users/haitaowu/real-lab/sparrow/packages/sparrow-server/node_modules/egg-logrotator/app/schedule/clean_log.js
2019-12-19 20:49:42,646 INFO 25994 [egg-schedule]: register schedule /Users/haitaowu/real-lab/sparrow/packages/sparrow-server/node_modules/egg-logrotator/app/schedule/rotate_by_file.js
2019-12-19 20:50:25,743 INFO 26063 [Timer] /Users/haitaowu/real-lab/sparrow/packages/sparrow-server/node_modules/egg-multipart/app/schedule/clean_tmpdir.js next time will execute after 27574259ms at 2019-12-20 04:30:00.002
2019-12-19 20:50:25,743 INFO 26063 [Timer] /Users/haitaowu/real-lab/sparrow/packages/sparrow-server/node_modules/egg-logrotator/app/schedule/clean_log.js next time will execute after 11374257ms at 2019-12-20 00:00:00.000
2019-12-19 20:50:25,743 INFO 26063 [Timer] /Users/haitaowu/real-lab/sparrow/packages/sparrow-server/node_modules/egg-logrotator/app/schedule/rotate_by_file.js next time will execute after 11375257ms at 2019-12-20 00:00:01.000
2019-12-19 20:50:25,583 INFO 26068 [egg-schedule]: register schedule /Users/haitaowu/real-lab/sparrow/packages/sparrow-server/node_modules/egg-multipart/app/schedule/clean_tmpdir.js
2019-12-19 20:50:25,583 INFO 26068 [egg-schedule]: register schedule /Users/haitaowu/real-lab/sparrow/packages/sparrow-server/node_modules/egg-logrotator/app/schedule/clean_log.js
2019-12-19 20:50:25,583 INFO 26068 [egg-schedule]: register schedule /Users/haitaowu/real-lab/sparrow/packages/sparrow-server/node_modules/egg-logrotator/app/schedule/rotate_by_file.js
2019-12-19 20:52:03,694 INFO 26213 [egg-schedule]: register schedule /Users/haitaowu/real-lab/sparrow/packages/sparrow-server/node_modules/egg-multipart/app/schedule/clean_tmpdir.js
2019-12-19 20:52:03,694 INFO 26213 [egg-schedule]: register schedule /Users/haitaowu/real-lab/sparrow/packages/sparrow-server/node_modules/egg-logrotator/app/schedule/clean_log.js
2019-12-19 20:52:03,694 INFO 26213 [egg-schedule]: register schedule /Users/haitaowu/real-lab/sparrow/packages/sparrow-server/node_modules/egg-logrotator/app/schedule/rotate_by_file.js
2019-12-19 20:52:18,355 INFO 26249 [egg-schedule]: register schedule /Users/haitaowu/real-lab/sparrow/packages/sparrow-server/node_modules/egg-multipart/app/schedule/clean_tmpdir.js
2019-12-19 20:52:18,355 INFO 26249 [egg-schedule]: register schedule /Users/haitaowu/real-lab/sparrow/packages/sparrow-server/node_modules/egg-logrotator/app/schedule/clean_log.js
2019-12-19 20:52:18,355 INFO 26249 [egg-schedule]: register schedule /Users/haitaowu/real-lab/sparrow/packages/sparrow-server/node_modules/egg-logrotator/app/schedule/rotate_by_file.js
2019-12-19 20:52:31,706 INFO 26297 [Timer] /Users/haitaowu/real-lab/sparrow/packages/sparrow-server/node_modules/egg-multipart/app/schedule/clean_tmpdir.js next time will execute after 27448296ms at 2019-12-20 04:30:00.002
2019-12-19 20:52:31,706 INFO 26297 [Timer] /Users/haitaowu/real-lab/sparrow/packages/sparrow-server/node_modules/egg-logrotator/app/schedule/clean_log.js next time will execute after 11248294ms at 2019-12-20 00:00:00.000
2019-12-19 20:52:31,706 INFO 26297 [Timer] /Users/haitaowu/real-lab/sparrow/packages/sparrow-server/node_modules/egg-logrotator/app/schedule/rotate_by_file.js next time will execute after 11249294ms at 2019-12-20 00:00:01.000
2019-12-19 20:52:31,608 INFO 26302 [egg-schedule]: register schedule /Users/haitaowu/real-lab/sparrow/packages/sparrow-server/node_modules/egg-multipart/app/schedule/clean_tmpdir.js
2019-12-19 20:52:31,608 INFO 26302 [egg-schedule]: register schedule /Users/haitaowu/real-lab/sparrow/packages/sparrow-server/node_modules/egg-logrotator/app/schedule/clean_log.js
2019-12-19 20:52:31,608 INFO 26302 [egg-schedule]: register schedule /Users/haitaowu/real-lab/sparrow/packages/sparrow-server/node_modules/egg-logrotator/app/schedule/rotate_by_file.js
2019-12-19 20:56:16,332 INFO 26611 [Timer] /Users/haitaowu/real-lab/sparrow/packages/sparrow-server/node_modules/egg-multipart/app/schedule/clean_tmpdir.js next time will execute after 27223671ms at 2019-12-20 04:30:00.003
2019-12-19 20:56:16,332 INFO 26611 [Timer] /Users/haitaowu/real-lab/sparrow/packages/sparrow-server/node_modules/egg-logrotator/app/schedule/clean_log.js next time will execute after 11023668ms at 2019-12-20 00:00:00.000
2019-12-19 20:56:16,332 INFO 26611 [Timer] /Users/haitaowu/real-lab/sparrow/packages/sparrow-server/node_modules/egg-logrotator/app/schedule/rotate_by_file.js next time will execute after 11024668ms at 2019-12-20 00:00:01.000
2019-12-19 20:56:16,146 INFO 26628 [egg-schedule]: register schedule /Users/haitaowu/real-lab/sparrow/packages/sparrow-server/node_modules/egg-multipart/app/schedule/clean_tmpdir.js
2019-12-19 20:56:16,146 INFO 26628 [egg-schedule]: register schedule /Users/haitaowu/real-lab/sparrow/packages/sparrow-server/node_modules/egg-logrotator/app/schedule/clean_log.js
2019-12-19 20:56:16,146 INFO 26628 [egg-schedule]: register schedule /Users/haitaowu/real-lab/sparrow/packages/sparrow-server/node_modules/egg-logrotator/app/schedule/rotate_by_file.js
2019-12-19 20:56:53,306 INFO 26668 [egg-schedule]: register schedule /Users/haitaowu/real-lab/sparrow/packages/sparrow-server/node_modules/egg-multipart/app/schedule/clean_tmpdir.js
2019-12-19 20:56:53,306 INFO 26668 [egg-schedule]: register schedule /Users/haitaowu/real-lab/sparrow/packages/sparrow-server/node_modules/egg-logrotator/app/schedule/clean_log.js
2019-12-19 20:56:53,306 INFO 26668 [egg-schedule]: register schedule /Users/haitaowu/real-lab/sparrow/packages/sparrow-server/node_modules/egg-logrotator/app/schedule/rotate_by_file.js
2019-12-19 20:58:47,018 INFO 26825 [egg-schedule]: register schedule /Users/haitaowu/real-lab/sparrow/packages/sparrow-server/node_modules/egg-multipart/app/schedule/clean_tmpdir.js
2019-12-19 20:58:47,018 INFO 26825 [egg-schedule]: register schedule /Users/haitaowu/real-lab/sparrow/packages/sparrow-server/node_modules/egg-logrotator/app/schedule/clean_log.js
2019-12-19 20:58:47,018 INFO 26825 [egg-schedule]: register schedule /Users/haitaowu/real-lab/sparrow/packages/sparrow-server/node_modules/egg-logrotator/app/schedule/rotate_by_file.js
2019-12-19 20:59:37,184 INFO 26894 [Timer] /Users/haitaowu/real-lab/sparrow/packages/sparrow-server/node_modules/egg-multipart/app/schedule/clean_tmpdir.js next time will execute after 27022820ms at 2019-12-20 04:30:00.004
2019-12-19 20:59:37,184 INFO 26894 [Timer] /Users/haitaowu/real-lab/sparrow/packages/sparrow-server/node_modules/egg-logrotator/app/schedule/clean_log.js next time will execute after 10822816ms at 2019-12-20 00:00:00.000
2019-12-19 20:59:37,184 INFO 26894 [Timer] /Users/haitaowu/real-lab/sparrow/packages/sparrow-server/node_modules/egg-logrotator/app/schedule/rotate_by_file.js next time will execute after 10823816ms at 2019-12-20 00:00:01.000
2019-12-19 20:59:37,040 INFO 26897 [egg-schedule]: register schedule /Users/haitaowu/real-lab/sparrow/packages/sparrow-server/node_modules/egg-multipart/app/schedule/clean_tmpdir.js
2019-12-19 20:59:37,040 INFO 26897 [egg-schedule]: register schedule /Users/haitaowu/real-lab/sparrow/packages/sparrow-server/node_modules/egg-logrotator/app/schedule/clean_log.js
2019-12-19 20:59:37,040 INFO 26897 [egg-schedule]: register schedule /Users/haitaowu/real-lab/sparrow/packages/sparrow-server/node_modules/egg-logrotator/app/schedule/rotate_by_file.js
2019-12-20 00:06:30,855 INFO 35447 [egg-schedule]: register schedule /Users/haitaowu/real-lab/sparrow/packages/sparrow-server/node_modules/egg-multipart/app/schedule/clean_tmpdir.js
2019-12-20 00:06:30,856 INFO 35447 [egg-schedule]: register schedule /Users/haitaowu/real-lab/sparrow/packages/sparrow-server/node_modules/egg-logrotator/app/schedule/clean_log.js
2019-12-20 00:06:30,856 INFO 35447 [egg-schedule]: register schedule /Users/haitaowu/real-lab/sparrow/packages/sparrow-server/node_modules/egg-logrotator/app/schedule/rotate_by_file.js
2019-12-20 00:06:48,931 INFO 35486 [Timer] /Users/haitaowu/real-lab/sparrow/packages/sparrow-server/node_modules/egg-multipart/app/schedule/clean_tmpdir.js next time will execute after 15791073ms at 2019-12-20 04:30:00.004
2019-12-20 00:06:48,932 INFO 35486 [Timer] /Users/haitaowu/real-lab/sparrow/packages/sparrow-server/node_modules/egg-logrotator/app/schedule/clean_log.js next time will execute after 85991069ms at 2019-12-21 00:00:00.001
2019-12-20 00:06:48,933 INFO 35486 [Timer] /Users/haitaowu/real-lab/sparrow/packages/sparrow-server/node_modules/egg-logrotator/app/schedule/rotate_by_file.js next time will execute after 85992068ms at 2019-12-21 00:00:01.001
2019-12-20 00:06:48,779 INFO 35487 [egg-schedule]: register schedule /Users/haitaowu/real-lab/sparrow/packages/sparrow-server/node_modules/egg-multipart/app/schedule/clean_tmpdir.js
2019-12-20 00:06:48,780 INFO 35487 [egg-schedule]: register schedule /Users/haitaowu/real-lab/sparrow/packages/sparrow-server/node_modules/egg-logrotator/app/schedule/clean_log.js
2019-12-20 00:06:48,780 INFO 35487 [egg-schedule]: register schedule /Users/haitaowu/real-lab/sparrow/packages/sparrow-server/node_modules/egg-logrotator/app/schedule/rotate_by_file.js
2019-12-20 00:08:50,342 INFO 35641 [egg-schedule]: register schedule /Users/haitaowu/real-lab/sparrow/packages/sparrow-server/node_modules/egg-multipart/app/schedule/clean_tmpdir.js
2019-12-20 00:08:50,342 INFO 35641 [egg-schedule]: register schedule /Users/haitaowu/real-lab/sparrow/packages/sparrow-server/node_modules/egg-logrotator/app/schedule/clean_log.js
2019-12-20 00:08:50,342 INFO 35641 [egg-schedule]: register schedule /Users/haitaowu/real-lab/sparrow/packages/sparrow-server/node_modules/egg-logrotator/app/schedule/rotate_by_file.js
