2019-12-19 00:42:35,778 INFO 60604 home.project.list
2019-12-19 00:42:35,792 ERROR 60604 nodejs.TypeError: callback is not a function
    at Object.<anonymous> (/Users/haitaowu/real-lab/sparrow/packages/sparrow-server/src/app/router.ts:23:9)
    at processTicksAndRejections (internal/process/task_queues.js:93:5)

pid: 60604
hostname: HaitaodeMBP.lan

2019-12-19 00:43:35,236 INFO 60683 home.project.list
2019-12-19 00:43:35,252 ERROR 60683 nodejs.TypeError: callback is not a function
    at Object.<anonymous> (/Users/haitaowu/real-lab/sparrow/packages/sparrow-server/src/app/router.ts:24:9)
    at processTicksAndRejections (internal/process/task_queues.js:93:5)

pid: 60683
hostname: HaitaodeMBP.lan

2019-12-19 00:43:39,345 INFO 60683 home.project.list
2019-12-19 00:43:39,354 ERROR 60683 nodejs.TypeError: callback is not a function
    at Object.<anonymous> (/Users/haitaowu/real-lab/sparrow/packages/sparrow-server/src/app/router.ts:24:9)
    at processTicksAndRejections (internal/process/task_queues.js:93:5)

pid: 60683
hostname: HaitaodeMBP.lan

2019-12-19 00:44:14,689 INFO 60758 home.project.list
2019-12-19 00:44:14,693 ERROR 60758 nodejs.TypeError: callback is not a function
    at Object.<anonymous> (/Users/haitaowu/real-lab/sparrow/packages/sparrow-server/src/app/router.ts:25:9)
    at processTicksAndRejections (internal/process/task_queues.js:93:5)

pid: 60758
hostname: HaitaodeMBP.lan

2019-12-19 00:44:16,060 INFO 60765 home.project.list
2019-12-19 00:44:16,067 ERROR 60765 nodejs.TypeError: callback is not a function
    at Object.<anonymous> (/Users/haitaowu/real-lab/sparrow/packages/sparrow-server/src/app/router.ts:25:9)
    at processTicksAndRejections (internal/process/task_queues.js:93:5)

pid: 60765
hostname: HaitaodeMBP.lan

2019-12-19 00:44:18,814 INFO 60765 home.project.list
2019-12-19 00:44:18,817 ERROR 60765 nodejs.TypeError: callback is not a function
    at Object.<anonymous> (/Users/haitaowu/real-lab/sparrow/packages/sparrow-server/src/app/router.ts:25:9)
    at processTicksAndRejections (internal/process/task_queues.js:93:5)

pid: 60765
hostname: HaitaodeMBP.lan

2019-12-19 00:45:56,076 INFO 60880 home.project.list
2019-12-19 00:45:56,080 ERROR 60880 nodejs.TypeError: callback is not a function
    at Object.<anonymous> (/Users/haitaowu/real-lab/sparrow/packages/sparrow-server/src/app/router.ts:25:9)
    at processTicksAndRejections (internal/process/task_queues.js:93:5)

pid: 60880
hostname: HaitaodeMBP.lan

2019-12-19 00:45:57,667 INFO 60880 home.project.list
2019-12-19 00:45:57,667 ERROR 60880 nodejs.TypeError: callback is not a function
    at Object.<anonymous> (/Users/haitaowu/real-lab/sparrow/packages/sparrow-server/src/app/router.ts:25:9)
    at processTicksAndRejections (internal/process/task_queues.js:93:5)

pid: 60880
hostname: HaitaodeMBP.lan

2019-12-19 00:46:59,895 INFO 60976 home.project.list
2019-12-19 00:46:59,899 ERROR 60976 nodejs.TypeError: callback is not a function
    at Object.<anonymous> (/Users/haitaowu/real-lab/sparrow/packages/sparrow-server/src/app/router.ts:25:9)
    at processTicksAndRejections (internal/process/task_queues.js:93:5)

pid: 60976
hostname: HaitaodeMBP.lan

2019-12-19 00:47:04,214 INFO 60976 home.project.list
2019-12-19 00:47:04,215 ERROR 60976 nodejs.TypeError: callback is not a function
    at Object.<anonymous> (/Users/haitaowu/real-lab/sparrow/packages/sparrow-server/src/app/router.ts:25:9)
    at processTicksAndRejections (internal/process/task_queues.js:93:5)

pid: 60976
hostname: HaitaodeMBP.lan

2019-12-19 00:49:05,143 INFO 60976 home.project.list
2019-12-19 00:49:05,144 ERROR 60976 nodejs.TypeError: callback is not a function
    at Object.<anonymous> (/Users/haitaowu/real-lab/sparrow/packages/sparrow-server/src/app/router.ts:25:9)
    at processTicksAndRejections (internal/process/task_queues.js:93:5)

pid: 60976
hostname: HaitaodeMBP.lan

2019-12-19 00:49:07,486 INFO 61124 home.project.list
2019-12-19 00:49:07,497 ERROR 61124 nodejs.TypeError: callback is not a function
    at Object.<anonymous> (/Users/haitaowu/real-lab/sparrow/packages/sparrow-server/src/app/router.ts:26:9)
    at processTicksAndRejections (internal/process/task_queues.js:93:5)

pid: 61124
hostname: HaitaodeMBP.lan

2019-12-19 00:49:12,318 INFO 61124 home.project.list
2019-12-19 00:49:12,319 ERROR 61124 nodejs.TypeError: callback is not a function
    at Object.<anonymous> (/Users/haitaowu/real-lab/sparrow/packages/sparrow-server/src/app/router.ts:26:9)
    at processTicksAndRejections (internal/process/task_queues.js:93:5)

pid: 61124
hostname: HaitaodeMBP.lan

2019-12-19 00:49:29,481 INFO 61124 home.project.list
2019-12-19 00:49:29,482 ERROR 61124 nodejs.TypeError: callback is not a function
    at Object.<anonymous> (/Users/haitaowu/real-lab/sparrow/packages/sparrow-server/src/app/router.ts:26:9)
    at processTicksAndRejections (internal/process/task_queues.js:93:5)

pid: 61124
hostname: HaitaodeMBP.lan

2019-12-19 00:49:31,792 INFO 61170 home.project.list
2019-12-19 00:49:31,796 ERROR 61170 nodejs.TypeError: callback is not a function
    at Object.<anonymous> (/Users/haitaowu/real-lab/sparrow/packages/sparrow-server/src/app/router.ts:26:9)
    at processTicksAndRejections (internal/process/task_queues.js:93:5)

pid: 61170
hostname: HaitaodeMBP.lan

2019-12-19 00:49:34,123 INFO 61170 home.project.list
2019-12-19 00:49:34,124 ERROR 61170 nodejs.TypeError: callback is not a function
    at Object.<anonymous> (/Users/haitaowu/real-lab/sparrow/packages/sparrow-server/src/app/router.ts:26:9)
    at processTicksAndRejections (internal/process/task_queues.js:93:5)

pid: 61170
hostname: HaitaodeMBP.lan

2019-12-19 01:12:41,609 INFO 64321 home.project.list
2019-12-19 01:12:41,618 ERROR 64321 nodejs.TypeError: callback is not a function
    at Object.<anonymous> (/Users/haitaowu/real-lab/sparrow/packages/sparrow-server/src/app/router.ts:26:9)
    at processTicksAndRejections (internal/process/task_queues.js:93:5)

pid: 64321
hostname: HaitaodeMBP.lan

2019-12-19 01:13:15,088 INFO 64413 home.project.list
2019-12-19 01:13:15,093 ERROR 64413 nodejs.TypeError: callback is not a function
    at Object.<anonymous> (/Users/haitaowu/real-lab/sparrow/packages/sparrow-server/src/app/router.ts:26:9)
    at processTicksAndRejections (internal/process/task_queues.js:93:5)

pid: 64413
hostname: HaitaodeMBP.lan

2019-12-19 01:14:11,578 INFO 64413 home.project.list
2019-12-19 01:14:11,580 ERROR 64413 nodejs.TypeError: callback is not a function
    at Object.<anonymous> (/Users/haitaowu/real-lab/sparrow/packages/sparrow-server/src/app/router.ts:26:9)
    at processTicksAndRejections (internal/process/task_queues.js:93:5)

pid: 64413
hostname: HaitaodeMBP.lan

2019-12-19 01:14:26,686 INFO 64584 home.project.list
2019-12-19 01:14:26,690 ERROR 64584 nodejs.TypeError: callback is not a function
    at Object.<anonymous> (/Users/haitaowu/real-lab/sparrow/packages/sparrow-server/src/app/router.ts:26:9)
    at processTicksAndRejections (internal/process/task_queues.js:93:5)

pid: 64584
hostname: HaitaodeMBP.lan

2019-12-19 01:17:37,848 INFO 65217 home.project.list
2019-12-19 01:17:37,857 ERROR 65217 nodejs.TypeError: callback is not a function
    at Object.<anonymous> (/Users/haitaowu/real-lab/sparrow/packages/sparrow-server/src/app/router.ts:58:9)
    at processTicksAndRejections (internal/process/task_queues.js:93:5)

pid: 65217
hostname: HaitaodeMBP.lan

2019-12-19 01:18:29,248 INFO 65217 home.project.list
2019-12-19 01:18:29,251 ERROR 65217 nodejs.TypeError: callback is not a function
    at Object.<anonymous> (/Users/haitaowu/real-lab/sparrow/packages/sparrow-server/src/app/router.ts:58:9)
    at processTicksAndRejections (internal/process/task_queues.js:93:5)

pid: 65217
hostname: HaitaodeMBP.lan

2019-12-19 01:18:29,601 INFO 65217 home.project.list
2019-12-19 01:18:29,601 ERROR 65217 nodejs.TypeError: callback is not a function
    at Object.<anonymous> (/Users/haitaowu/real-lab/sparrow/packages/sparrow-server/src/app/router.ts:58:9)
    at processTicksAndRejections (internal/process/task_queues.js:93:5)

pid: 65217
hostname: HaitaodeMBP.lan

2019-12-19 01:18:44,797 INFO 65217 home.setting.getLocale
2019-12-19 01:18:44,798 ERROR 65217 nodejs.TypeError: callback is not a function
    at Object.<anonymous> (/Users/haitaowu/real-lab/sparrow/packages/sparrow-server/src/app/router.ts:58:9)
    at processTicksAndRejections (internal/process/task_queues.js:93:5)

pid: 65217
hostname: HaitaodeMBP.lan

2019-12-19 01:18:44,808 INFO 65217 home.setting.getLocale
2019-12-19 01:18:44,809 ERROR 65217 nodejs.TypeError: callback is not a function
    at Object.<anonymous> (/Users/haitaowu/real-lab/sparrow/packages/sparrow-server/src/app/router.ts:58:9)
    at processTicksAndRejections (internal/process/task_queues.js:93:5)

pid: 65217
hostname: HaitaodeMBP.lan

2019-12-19 01:18:46,712 INFO 65217 home.setting.getLocale
2019-12-19 01:18:46,713 ERROR 65217 nodejs.TypeError: callback is not a function
    at Object.<anonymous> (/Users/haitaowu/real-lab/sparrow/packages/sparrow-server/src/app/router.ts:58:9)
    at processTicksAndRejections (internal/process/task_queues.js:93:5)

pid: 65217
hostname: HaitaodeMBP.lan

2019-12-19 01:18:51,692 INFO 65217 home.setting.getLocale
2019-12-19 01:18:51,693 ERROR 65217 nodejs.TypeError: callback is not a function
    at Object.<anonymous> (/Users/haitaowu/real-lab/sparrow/packages/sparrow-server/src/app/router.ts:58:9)
    at processTicksAndRejections (internal/process/task_queues.js:93:5)

pid: 65217
hostname: HaitaodeMBP.lan

2019-12-19 01:19:26,456 INFO 65217 home.setting.getLocale
2019-12-19 01:19:26,456 ERROR 65217 nodejs.TypeError: callback is not a function
    at Object.<anonymous> (/Users/haitaowu/real-lab/sparrow/packages/sparrow-server/src/app/router.ts:58:9)
    at processTicksAndRejections (internal/process/task_queues.js:93:5)

pid: 65217
hostname: HaitaodeMBP.lan

2019-12-19 01:19:26,783 INFO 65217 home.setting.getLocale
2019-12-19 01:19:26,784 ERROR 65217 nodejs.TypeError: callback is not a function
    at Object.<anonymous> (/Users/haitaowu/real-lab/sparrow/packages/sparrow-server/src/app/router.ts:58:9)
    at processTicksAndRejections (internal/process/task_queues.js:93:5)

pid: 65217
hostname: HaitaodeMBP.lan

2019-12-19 01:19:28,087 INFO 65217 home.setting.getLocale
2019-12-19 01:19:28,088 ERROR 65217 nodejs.TypeError: callback is not a function
    at Object.<anonymous> (/Users/haitaowu/real-lab/sparrow/packages/sparrow-server/src/app/router.ts:58:9)
    at processTicksAndRejections (internal/process/task_queues.js:93:5)

pid: 65217
hostname: HaitaodeMBP.lan

2019-12-19 01:19:33,897 INFO 65217 home.setting.getLocale
2019-12-19 01:19:33,898 ERROR 65217 nodejs.TypeError: callback is not a function
    at Object.<anonymous> (/Users/haitaowu/real-lab/sparrow/packages/sparrow-server/src/app/router.ts:58:9)
    at processTicksAndRejections (internal/process/task_queues.js:93:5)

pid: 65217
hostname: HaitaodeMBP.lan

2019-12-19 01:19:53,836 INFO 65217 home.setting.getLocale
2019-12-19 01:19:53,838 ERROR 65217 nodejs.TypeError: callback is not a function
    at Object.<anonymous> (/Users/haitaowu/real-lab/sparrow/packages/sparrow-server/src/app/router.ts:58:9)
    at processTicksAndRejections (internal/process/task_queues.js:93:5)

pid: 65217
hostname: HaitaodeMBP.lan

2019-12-19 15:36:27,874 INFO 94339 home.project.list
2019-12-19 15:41:32,632 INFO 94339 home.project.list
2019-12-19 15:41:34,873 INFO 94339 home.project.list
2019-12-19 15:43:46,739 INFO 94339 home.project.list
2019-12-19 15:44:32,950 INFO 94339 home.project.list
2019-12-19 15:48:06,657 INFO 94339 home.project.list
2019-12-19 15:53:25,014 INFO 95847 home.project.list
2019-12-19 17:05:29,064 ERROR 4270 [-/127.0.0.1/-/1ms GET /] nodejs.TypeError: execa_1.default is not a function
    at Object.run (/Users/haitaowu/real-lab/sparrow/packages/sparrow-server/src/util/runView.ts:15:22)
    at AppBootHook.didLoad (/Users/haitaowu/real-lab/sparrow/packages/sparrow-server/src/app.ts:13:5)
    at Object.callFn (/Users/haitaowu/real-lab/sparrow/packages/sparrow-server/node_modules/egg-core/lib/utils/index.js:44:42)
    at /Users/haitaowu/real-lab/sparrow/packages/sparrow-server/node_modules/egg-core/lib/lifecycle.js:256:13
    at processTicksAndRejections (internal/process/task_queues.js:75:11)

pid: 4270
hostname: localhost

2019-12-19 17:06:53,155 ERROR 4396 [-/127.0.0.1/-/0ms GET /] nodejs.TypeError: execa_1.default is not a function
    at Object.run (/Users/haitaowu/real-lab/sparrow/packages/sparrow-server/src/util/runView.ts:15:22)
    at AppBootHook.didLoad (/Users/haitaowu/real-lab/sparrow/packages/sparrow-server/src/app.ts:13:5)
    at Object.callFn (/Users/haitaowu/real-lab/sparrow/packages/sparrow-server/node_modules/egg-core/lib/utils/index.js:44:42)
    at /Users/haitaowu/real-lab/sparrow/packages/sparrow-server/node_modules/egg-core/lib/lifecycle.js:256:13
    at processTicksAndRejections (internal/process/task_queues.js:75:11)

pid: 4396
hostname: localhost

2019-12-19 17:08:50,292 ERROR 4690 [-/127.0.0.1/-/0ms GET /] nodejs.TypeError: execa_1.default is not a function
    at Object.run (/Users/haitaowu/real-lab/sparrow/packages/sparrow-server/src/util/runView.ts:15:22)
    at AppBootHook.didLoad (/Users/haitaowu/real-lab/sparrow/packages/sparrow-server/src/app.ts:13:5)
    at Object.callFn (/Users/haitaowu/real-lab/sparrow/packages/sparrow-server/node_modules/egg-core/lib/utils/index.js:44:42)
    at /Users/haitaowu/real-lab/sparrow/packages/sparrow-server/node_modules/egg-core/lib/lifecycle.js:256:13
    at processTicksAndRejections (internal/process/task_queues.js:75:11)

pid: 4690
hostname: localhost

2019-12-19 18:35:12,035 INFO 13107 home.project.list
2019-12-19 19:52:52,806 INFO 13107 home.project.list
2019-12-19 20:00:09,416 INFO 13107 home.project.list
2019-12-19 20:00:38,937 INFO 13107 home.project.list
2019-12-19 20:19:20,145 INFO 23077 home.project.list
2019-12-19 20:40:00,484 INFO 23982 home.project.list
2019-12-19 20:42:41,322 INFO 23982 home.project.list
2019-12-19 20:43:18,773 INFO 23982 home.project.list
2019-12-19 20:45:59,022 INFO 25526 home.project.list
2019-12-19 20:50:33,578 INFO 26068 home.project.list
2019-12-19 20:56:28,207 INFO 26628 home.project.list
2019-12-19 20:58:47,133 ERROR 26825 [-/127.0.0.1/-/0ms GET /] nodejs.AssertionError: can't find middleware: adapter !
    at /Users/haitaowu/real-lab/sparrow/packages/sparrow-server/node_modules/egg-socket.io/lib/io.js:48:11
    at Object.callFn (/Users/haitaowu/real-lab/sparrow/packages/sparrow-server/node_modules/egg-core/lib/utils/index.js:44:42)
    at /Users/haitaowu/real-lab/sparrow/packages/sparrow-server/node_modules/egg-core/lib/lifecycle.js:256:13
    at processTicksAndRejections (internal/process/task_queues.js:75:11)
generatedMessage: false
code: "ERR_ASSERTION"
actual: undefined
expected: true
operator: "=="
pid: 26825
hostname: localhost

2019-12-20 00:06:57,526 INFO 35487 home.project.list
2019-12-20 15:15:52,200 ERROR 62421 adapter[page][getTest] got error: TypeError: Cannot read property 'getTest' of undefined
    at /Users/haitaowu/real-lab/sparrow/packages/sparrow-server/src/app/io/middleware/adapter.ts:15:57
    at processTicksAndRejections (internal/process/task_queues.js:93:5)
    at session (/Users/haitaowu/real-lab/sparrow/packages/sparrow-server/node_modules/koa-session/index.js:41:7)
2019-12-20 15:15:52,204 INFO 62421 home.project.list
2019-12-20 15:17:28,376 ERROR 62829 adapter[page][getTest] got error: TypeError: Cannot read property 'getTest' of undefined
    at /Users/haitaowu/real-lab/sparrow/packages/sparrow-server/src/app/io/middleware/adapter.ts:15:57
    at processTicksAndRejections (internal/process/task_queues.js:93:5)
    at session (/Users/haitaowu/real-lab/sparrow/packages/sparrow-server/node_modules/koa-session/index.js:41:7)
2019-12-20 15:17:28,381 INFO 62829 home.project.list
2019-12-20 15:17:54,274 ERROR 62854 adapter[page][getTest] got error: TypeError: Cannot read property 'getTest' of undefined
    at /Users/haitaowu/real-lab/sparrow/packages/sparrow-server/src/app/io/middleware/adapter.ts:15:57
    at processTicksAndRejections (internal/process/task_queues.js:93:5)
    at session (/Users/haitaowu/real-lab/sparrow/packages/sparrow-server/node_modules/koa-session/index.js:41:7)
2019-12-20 15:17:54,278 INFO 62854 home.project.list
2019-12-20 15:18:29,127 ERROR 62854 adapter[page][getAll] got error: TypeError: Cannot read property 'getAll' of undefined
    at /Users/haitaowu/real-lab/sparrow/packages/sparrow-server/src/app/io/middleware/adapter.ts:15:57
    at processTicksAndRejections (internal/process/task_queues.js:93:5)
    at session (/Users/haitaowu/real-lab/sparrow/packages/sparrow-server/node_modules/koa-session/index.js:41:7)
2019-12-20 15:18:29,195 INFO 62854 home.project.list
2019-12-20 15:18:33,804 ERROR 62854 adapter[page][getAll] got error: TypeError: Cannot read property 'getAll' of undefined
    at /Users/haitaowu/real-lab/sparrow/packages/sparrow-server/src/app/io/middleware/adapter.ts:15:57
    at processTicksAndRejections (internal/process/task_queues.js:93:5)
    at session (/Users/haitaowu/real-lab/sparrow/packages/sparrow-server/node_modules/koa-session/index.js:41:7)
2019-12-20 15:18:33,807 INFO 62854 home.project.list
2019-12-20 15:22:44,192 INFO 63240 home.project.list
2019-12-20 15:23:16,548 INFO 63240 home.project.list
2019-12-20 15:23:18,725 INFO 63240 home.project.list
2019-12-20 15:26:56,479 ERROR 63559 adapter[page][getTest] got error: TypeError: Cannot read property 'getTest' of undefined
    at /Users/haitaowu/real-lab/sparrow/packages/sparrow-server/src/app/io/middleware/adapter.ts:15:57
    at processTicksAndRejections (internal/process/task_queues.js:93:5)
    at session (/Users/haitaowu/real-lab/sparrow/packages/sparrow-server/node_modules/koa-session/index.js:41:7)
2019-12-20 15:26:56,485 INFO 63559 home.project.list
2019-12-20 15:28:42,676 ERROR 63713 adapter[page][getTest] got error: TypeError: Cannot read property 'getTest' of undefined
    at /Users/haitaowu/real-lab/sparrow/packages/sparrow-server/src/app/io/middleware/adapter.ts:15:57
    at processTicksAndRejections (internal/process/task_queues.js:93:5)
    at session (/Users/haitaowu/real-lab/sparrow/packages/sparrow-server/node_modules/koa-session/index.js:41:7)
2019-12-20 15:28:42,687 INFO 63713 home.project.list
2019-12-20 15:28:58,251 ERROR 63713 adapter[page][getTest] got error: TypeError: Cannot read property 'getTest' of undefined
    at /Users/haitaowu/real-lab/sparrow/packages/sparrow-server/src/app/io/middleware/adapter.ts:15:57
    at processTicksAndRejections (internal/process/task_queues.js:93:5)
    at session (/Users/haitaowu/real-lab/sparrow/packages/sparrow-server/node_modules/koa-session/index.js:41:7)
2019-12-20 15:28:58,252 INFO 63713 home.project.list
2019-12-20 15:29:26,796 ERROR 63767 adapter[page][getTest] got error: TypeError: Cannot read property 'getTest' of undefined
    at /Users/haitaowu/real-lab/sparrow/packages/sparrow-server/src/app/io/middleware/adapter.ts:15:57
    at processTicksAndRejections (internal/process/task_queues.js:93:5)
    at session (/Users/haitaowu/real-lab/sparrow/packages/sparrow-server/node_modules/koa-session/index.js:41:7)
2019-12-20 15:29:26,804 INFO 63767 home.project.list
2019-12-20 15:30:27,989 ERROR 63829 adapter[page][getTest] got error: TypeError: Cannot read property 'getTest' of undefined
    at /Users/haitaowu/real-lab/sparrow/packages/sparrow-server/src/app/io/middleware/adapter.ts:15:57
    at processTicksAndRejections (internal/process/task_queues.js:93:5)
    at session (/Users/haitaowu/real-lab/sparrow/packages/sparrow-server/node_modules/koa-session/index.js:41:7)
2019-12-20 15:30:27,990 INFO 63829 home.project.list
2019-12-20 15:30:48,940 ERROR 63902 adapter[page][getTest] got error: TypeError: Cannot read property 'getTest' of undefined
    at /Users/haitaowu/real-lab/sparrow/packages/sparrow-server/src/app/io/middleware/adapter.ts:15:57
    at processTicksAndRejections (internal/process/task_queues.js:93:5)
    at session (/Users/haitaowu/real-lab/sparrow/packages/sparrow-server/node_modules/koa-session/index.js:41:7)
2019-12-20 15:30:48,942 INFO 63902 home.project.list
2019-12-20 15:39:43,826 ERROR 64374 adapter[page][getTest] got error: TypeError: Cannot read property 'getTest' of undefined
    at /Users/haitaowu/real-lab/sparrow/packages/sparrow-server/src/app/io/middleware/adapter.ts:15:57
    at processTicksAndRejections (internal/process/task_queues.js:93:5)
    at session (/Users/haitaowu/real-lab/sparrow/packages/sparrow-server/node_modules/koa-session/index.js:41:7)
2019-12-20 15:39:43,833 INFO 64374 home.project.list
2019-12-20 15:44:07,209 ERROR 64893 adapter[page][getTest] got error: TypeError: Cannot read property 'getTest' of undefined
    at /Users/haitaowu/real-lab/sparrow/packages/sparrow-server/src/app/io/middleware/adapter.ts:16:57
    at processTicksAndRejections (internal/process/task_queues.js:93:5)
    at session (/Users/haitaowu/real-lab/sparrow/packages/sparrow-server/node_modules/koa-session/index.js:41:7)
2019-12-20 15:44:07,213 INFO 64893 home.project.list
2019-12-20 16:19:11,735 ERROR 69123 adapter[page][getTest] got error: TypeError: Cannot read property 'getTest' of undefined
    at /Users/haitaowu/real-lab/sparrow/packages/sparrow-server/src/app/io/middleware/adapter.ts:18:57
    at processTicksAndRejections (internal/process/task_queues.js:93:5)
    at session (/Users/haitaowu/real-lab/sparrow/packages/sparrow-server/node_modules/koa-session/index.js:41:7)
2019-12-20 16:19:11,736 INFO 69123 home.project.list
2019-12-20 16:25:25,841 INFO 69889 home.project.list
2019-12-20 16:38:00,352 INFO 70267 home.project.list
2019-12-20 16:39:26,961 INFO 71499 home.project.list
2019-12-20 16:39:30,632 INFO 71499 home.project.list
2019-12-21 23:42:25,328 INFO 66683 home.project.list
2019-12-21 23:48:25,021 ERROR 67226 [-/127.0.0.1/-/0ms GET /] nodejs.TypeError: app.projectManager.ready is not a function
    at /Users/haitaowu/real-lab/sparrow/packages/sparrow-server/src/lib/plugin/generator/app.ts:17:30
    at Object.callFn (/Users/haitaowu/real-lab/sparrow/packages/sparrow-server/node_modules/egg-core/lib/utils/index.js:44:42)
    at /Users/haitaowu/real-lab/sparrow/packages/sparrow-server/node_modules/egg-core/lib/lifecycle.js:256:13
    at processTicksAndRejections (internal/process/task_queues.js:75:11)

pid: 67226
hostname: HaitaodeMBP.lan

2019-12-21 23:48:26,311 ERROR 67234 [-/127.0.0.1/-/1ms GET /] nodejs.TypeError: app.projectManager.ready is not a function
    at /Users/haitaowu/real-lab/sparrow/packages/sparrow-server/src/lib/plugin/generator/app.ts:17:30
    at Object.callFn (/Users/haitaowu/real-lab/sparrow/packages/sparrow-server/node_modules/egg-core/lib/utils/index.js:44:42)
    at /Users/haitaowu/real-lab/sparrow/packages/sparrow-server/node_modules/egg-core/lib/lifecycle.js:256:13
    at processTicksAndRejections (internal/process/task_queues.js:75:11)

pid: 67234
hostname: HaitaodeMBP.lan

2019-12-21 23:48:37,987 ERROR 67258 [-/127.0.0.1/-/1ms GET /] nodejs.TypeError: app.projectManager.ready is not a function
    at /Users/haitaowu/real-lab/sparrow/packages/sparrow-server/src/lib/plugin/generator/app.ts:17:30
    at Object.callFn (/Users/haitaowu/real-lab/sparrow/packages/sparrow-server/node_modules/egg-core/lib/utils/index.js:44:42)
    at /Users/haitaowu/real-lab/sparrow/packages/sparrow-server/node_modules/egg-core/lib/lifecycle.js:256:13
    at processTicksAndRejections (internal/process/task_queues.js:75:11)

pid: 67258
hostname: HaitaodeMBP.lan

2019-12-22 00:05:42,985 INFO 68697 home.project.list
2019-12-22 00:09:00,342 INFO 68980 home.project.list
2019-12-22 00:10:11,553 INFO 68980 home.project.list
2019-12-22 00:10:20,813 INFO 69093 home.project.list
2019-12-22 00:10:58,015 INFO 69142 home.project.list
