2019-12-19 00:00:01,356 INFO 40862 [egg-logrotator] app logger reload: got log-reload message
2019-12-19 00:00:31,993 ERROR 40862 nodejs.TypeError: [egg-socket.io] controller execute error: callback is not a function
    at Object.<anonymous> (/Users/haitaowu/real-lab/sparrow/packages/iceworks-server/src/app/router.ts:60:9)
    at runMicrotasks (<anonymous>)
    at processTicksAndRejections (internal/process/task_queues.js:93:5)

pid: 40862
hostname: HaitaodeMBP.lan

2019-12-19 00:01:57,150 ERROR 40862 nodejs.TypeError: [egg-socket.io] controller execute error: callback is not a function
    at Object.<anonymous> (/Users/haitaowu/real-lab/sparrow/packages/iceworks-server/src/app/router.ts:60:9)
    at runMicrotasks (<anonymous>)
    at processTicksAndRejections (internal/process/task_queues.js:93:5)

pid: 40862
hostname: HaitaodeMBP.lan

2019-12-19 00:02:27,899 ERROR 40862 nodejs.TypeError: [egg-socket.io] controller execute error: callback is not a function
    at Object.<anonymous> (/Users/haitaowu/real-lab/sparrow/packages/iceworks-server/src/app/router.ts:60:9)
    at runMicrotasks (<anonymous>)
    at processTicksAndRejections (internal/process/task_queues.js:93:5)

pid: 40862
hostname: HaitaodeMBP.lan

2019-12-19 00:02:59,014 ERROR 40862 nodejs.TypeError: [egg-socket.io] controller execute error: callback is not a function
    at Object.<anonymous> (/Users/haitaowu/real-lab/sparrow/packages/iceworks-server/src/app/router.ts:60:9)
    at runMicrotasks (<anonymous>)
    at processTicksAndRejections (internal/process/task_queues.js:93:5)

pid: 40862
hostname: HaitaodeMBP.lan

2019-12-19 00:03:56,140 ERROR 40862 nodejs.TypeError: [egg-socket.io] controller execute error: callback is not a function
    at Object.<anonymous> (/Users/haitaowu/real-lab/sparrow/packages/iceworks-server/src/app/router.ts:60:9)
    at runMicrotasks (<anonymous>)
    at processTicksAndRejections (internal/process/task_queues.js:93:5)

pid: 40862
hostname: HaitaodeMBP.lan

2019-12-19 00:04:53,120 ERROR 40862 nodejs.TypeError: [egg-socket.io] controller execute error: callback is not a function
    at Object.<anonymous> (/Users/haitaowu/real-lab/sparrow/packages/iceworks-server/src/app/router.ts:60:9)
    at runMicrotasks (<anonymous>)
    at processTicksAndRejections (internal/process/task_queues.js:93:5)

pid: 40862
hostname: HaitaodeMBP.lan

2019-12-19 00:05:50,120 ERROR 40862 nodejs.TypeError: [egg-socket.io] controller execute error: callback is not a function
    at Object.<anonymous> (/Users/haitaowu/real-lab/sparrow/packages/iceworks-server/src/app/router.ts:60:9)
    at runMicrotasks (<anonymous>)
    at processTicksAndRejections (internal/process/task_queues.js:93:5)

pid: 40862
hostname: HaitaodeMBP.lan

2019-12-19 00:06:47,140 ERROR 40862 nodejs.TypeError: [egg-socket.io] controller execute error: callback is not a function
    at Object.<anonymous> (/Users/haitaowu/real-lab/sparrow/packages/iceworks-server/src/app/router.ts:60:9)
    at runMicrotasks (<anonymous>)
    at processTicksAndRejections (internal/process/task_queues.js:93:5)

pid: 40862
hostname: HaitaodeMBP.lan

2019-12-19 00:07:44,155 ERROR 40862 nodejs.TypeError: [egg-socket.io] controller execute error: callback is not a function
    at Object.<anonymous> (/Users/haitaowu/real-lab/sparrow/packages/iceworks-server/src/app/router.ts:60:9)
    at runMicrotasks (<anonymous>)
    at processTicksAndRejections (internal/process/task_queues.js:93:5)

pid: 40862
hostname: HaitaodeMBP.lan

2019-12-19 00:08:41,148 ERROR 40862 nodejs.TypeError: [egg-socket.io] controller execute error: callback is not a function
    at Object.<anonymous> (/Users/haitaowu/real-lab/sparrow/packages/iceworks-server/src/app/router.ts:60:9)
    at runMicrotasks (<anonymous>)
    at processTicksAndRejections (internal/process/task_queues.js:93:5)

pid: 40862
hostname: HaitaodeMBP.lan

2019-12-19 00:09:39,024 ERROR 40862 nodejs.TypeError: [egg-socket.io] controller execute error: callback is not a function
    at Object.<anonymous> (/Users/haitaowu/real-lab/sparrow/packages/iceworks-server/src/app/router.ts:60:9)
    at runMicrotasks (<anonymous>)
    at processTicksAndRejections (internal/process/task_queues.js:93:5)

pid: 40862
hostname: HaitaodeMBP.lan

2019-12-19 00:10:36,923 ERROR 40862 nodejs.TypeError: [egg-socket.io] controller execute error: callback is not a function
    at Object.<anonymous> (/Users/haitaowu/real-lab/sparrow/packages/iceworks-server/src/app/router.ts:60:9)
    at runMicrotasks (<anonymous>)
    at processTicksAndRejections (internal/process/task_queues.js:93:5)

pid: 40862
hostname: HaitaodeMBP.lan

2019-12-19 00:11:34,168 ERROR 40862 nodejs.TypeError: [egg-socket.io] controller execute error: callback is not a function
    at Object.<anonymous> (/Users/haitaowu/real-lab/sparrow/packages/iceworks-server/src/app/router.ts:60:9)
    at runMicrotasks (<anonymous>)
    at processTicksAndRejections (internal/process/task_queues.js:93:5)

pid: 40862
hostname: HaitaodeMBP.lan

2019-12-19 00:12:32,009 ERROR 40862 nodejs.TypeError: [egg-socket.io] controller execute error: callback is not a function
    at Object.<anonymous> (/Users/haitaowu/real-lab/sparrow/packages/iceworks-server/src/app/router.ts:60:9)
    at runMicrotasks (<anonymous>)
    at processTicksAndRejections (internal/process/task_queues.js:93:5)

pid: 40862
hostname: HaitaodeMBP.lan

2019-12-19 00:13:31,966 ERROR 40862 nodejs.TypeError: [egg-socket.io] controller execute error: callback is not a function
    at Object.<anonymous> (/Users/haitaowu/real-lab/sparrow/packages/iceworks-server/src/app/router.ts:60:9)
    at runMicrotasks (<anonymous>)
    at processTicksAndRejections (internal/process/task_queues.js:93:5)

pid: 40862
hostname: HaitaodeMBP.lan

2019-12-19 00:14:30,997 ERROR 40862 nodejs.TypeError: [egg-socket.io] controller execute error: callback is not a function
    at Object.<anonymous> (/Users/haitaowu/real-lab/sparrow/packages/iceworks-server/src/app/router.ts:60:9)
    at runMicrotasks (<anonymous>)
    at processTicksAndRejections (internal/process/task_queues.js:93:5)

pid: 40862
hostname: HaitaodeMBP.lan

2019-12-19 00:15:30,987 ERROR 40862 nodejs.TypeError: [egg-socket.io] controller execute error: callback is not a function
    at Object.<anonymous> (/Users/haitaowu/real-lab/sparrow/packages/iceworks-server/src/app/router.ts:60:9)
    at runMicrotasks (<anonymous>)
    at processTicksAndRejections (internal/process/task_queues.js:93:5)

pid: 40862
hostname: HaitaodeMBP.lan

2019-12-19 00:16:54,066 ERROR 40862 nodejs.TypeError: [egg-socket.io] controller execute error: callback is not a function
    at Object.<anonymous> (/Users/haitaowu/real-lab/sparrow/packages/iceworks-server/src/app/router.ts:60:9)
    at runMicrotasks (<anonymous>)
    at processTicksAndRejections (internal/process/task_queues.js:93:5)

pid: 40862
hostname: HaitaodeMBP.lan

2019-12-19 00:17:54,943 ERROR 40862 nodejs.TypeError: [egg-socket.io] controller execute error: callback is not a function
    at Object.<anonymous> (/Users/haitaowu/real-lab/sparrow/packages/iceworks-server/src/app/router.ts:60:9)
    at runMicrotasks (<anonymous>)
    at processTicksAndRejections (internal/process/task_queues.js:93:5)

pid: 40862
hostname: HaitaodeMBP.lan

2019-12-19 00:18:52,142 ERROR 40862 nodejs.TypeError: [egg-socket.io] controller execute error: callback is not a function
    at Object.<anonymous> (/Users/haitaowu/real-lab/sparrow/packages/iceworks-server/src/app/router.ts:60:9)
    at runMicrotasks (<anonymous>)
    at processTicksAndRejections (internal/process/task_queues.js:93:5)

pid: 40862
hostname: HaitaodeMBP.lan

2019-12-19 00:19:49,159 ERROR 40862 nodejs.TypeError: [egg-socket.io] controller execute error: callback is not a function
    at Object.<anonymous> (/Users/haitaowu/real-lab/sparrow/packages/iceworks-server/src/app/router.ts:60:9)
    at runMicrotasks (<anonymous>)
    at processTicksAndRejections (internal/process/task_queues.js:93:5)

pid: 40862
hostname: HaitaodeMBP.lan

2019-12-19 00:20:46,932 ERROR 40862 nodejs.TypeError: [egg-socket.io] controller execute error: callback is not a function
    at Object.<anonymous> (/Users/haitaowu/real-lab/sparrow/packages/iceworks-server/src/app/router.ts:60:9)
    at runMicrotasks (<anonymous>)
    at processTicksAndRejections (internal/process/task_queues.js:93:5)

pid: 40862
hostname: HaitaodeMBP.lan

2019-12-19 00:22:36,161 ERROR 40862 nodejs.TypeError: [egg-socket.io] controller execute error: callback is not a function
    at Object.<anonymous> (/Users/haitaowu/real-lab/sparrow/packages/iceworks-server/src/app/router.ts:60:9)
    at runMicrotasks (<anonymous>)
    at processTicksAndRejections (internal/process/task_queues.js:93:5)

pid: 40862
hostname: HaitaodeMBP.lan

2019-12-19 00:23:33,138 ERROR 40862 nodejs.TypeError: [egg-socket.io] controller execute error: callback is not a function
    at Object.<anonymous> (/Users/haitaowu/real-lab/sparrow/packages/iceworks-server/src/app/router.ts:60:9)
    at runMicrotasks (<anonymous>)
    at processTicksAndRejections (internal/process/task_queues.js:93:5)

pid: 40862
hostname: HaitaodeMBP.lan

2019-12-19 00:24:32,015 ERROR 40862 nodejs.TypeError: [egg-socket.io] controller execute error: callback is not a function
    at Object.<anonymous> (/Users/haitaowu/real-lab/sparrow/packages/iceworks-server/src/app/router.ts:60:9)
    at runMicrotasks (<anonymous>)
    at processTicksAndRejections (internal/process/task_queues.js:93:5)

pid: 40862
hostname: HaitaodeMBP.lan

2019-12-19 00:25:32,015 ERROR 40862 nodejs.TypeError: [egg-socket.io] controller execute error: callback is not a function
    at Object.<anonymous> (/Users/haitaowu/real-lab/sparrow/packages/iceworks-server/src/app/router.ts:60:9)
    at runMicrotasks (<anonymous>)
    at processTicksAndRejections (internal/process/task_queues.js:93:5)

pid: 40862
hostname: HaitaodeMBP.lan

2019-12-19 00:26:32,035 ERROR 40862 nodejs.TypeError: [egg-socket.io] controller execute error: callback is not a function
    at Object.<anonymous> (/Users/haitaowu/real-lab/sparrow/packages/iceworks-server/src/app/router.ts:60:9)
    at runMicrotasks (<anonymous>)
    at processTicksAndRejections (internal/process/task_queues.js:93:5)

pid: 40862
hostname: HaitaodeMBP.lan

2019-12-19 00:28:00,016 ERROR 40862 nodejs.TypeError: [egg-socket.io] controller execute error: callback is not a function
    at Object.<anonymous> (/Users/haitaowu/real-lab/sparrow/packages/iceworks-server/src/app/router.ts:60:9)
    at runMicrotasks (<anonymous>)
    at processTicksAndRejections (internal/process/task_queues.js:93:5)

pid: 40862
hostname: HaitaodeMBP.lan

2019-12-19 00:28:32,044 ERROR 40862 nodejs.TypeError: [egg-socket.io] controller execute error: callback is not a function
    at Object.<anonymous> (/Users/haitaowu/real-lab/sparrow/packages/iceworks-server/src/app/router.ts:60:9)
    at runMicrotasks (<anonymous>)
    at processTicksAndRejections (internal/process/task_queues.js:93:5)

pid: 40862
hostname: HaitaodeMBP.lan

2019-12-19 00:29:31,015 ERROR 40862 nodejs.TypeError: [egg-socket.io] controller execute error: callback is not a function
    at Object.<anonymous> (/Users/haitaowu/real-lab/sparrow/packages/iceworks-server/src/app/router.ts:60:9)
    at runMicrotasks (<anonymous>)
    at processTicksAndRejections (internal/process/task_queues.js:93:5)

pid: 40862
hostname: HaitaodeMBP.lan

2019-12-19 00:30:56,176 ERROR 40862 nodejs.TypeError: [egg-socket.io] controller execute error: callback is not a function
    at Object.<anonymous> (/Users/haitaowu/real-lab/sparrow/packages/iceworks-server/src/app/router.ts:60:9)
    at runMicrotasks (<anonymous>)
    at processTicksAndRejections (internal/process/task_queues.js:93:5)

pid: 40862
hostname: HaitaodeMBP.lan

2019-12-19 00:31:53,186 ERROR 40862 nodejs.TypeError: [egg-socket.io] controller execute error: callback is not a function
    at Object.<anonymous> (/Users/haitaowu/real-lab/sparrow/packages/iceworks-server/src/app/router.ts:60:9)
    at runMicrotasks (<anonymous>)
    at processTicksAndRejections (internal/process/task_queues.js:93:5)

pid: 40862
hostname: HaitaodeMBP.lan

2019-12-19 00:32:54,606 ERROR 40862 nodejs.TypeError: [egg-socket.io] controller execute error: callback is not a function
    at Object.<anonymous> (/Users/haitaowu/real-lab/sparrow/packages/iceworks-server/src/app/router.ts:60:9)
    at runMicrotasks (<anonymous>)
    at processTicksAndRejections (internal/process/task_queues.js:93:5)

pid: 40862
hostname: HaitaodeMBP.lan

2019-12-19 00:38:21,269 ERROR 40862 nodejs.TypeError: [egg-socket.io] controller execute error: callback is not a function
    at Object.<anonymous> (/Users/haitaowu/real-lab/sparrow/packages/iceworks-server/src/app/router.ts:60:9)
    at runMicrotasks (<anonymous>)
    at processTicksAndRejections (internal/process/task_queues.js:93:5)

pid: 40862
hostname: HaitaodeMBP.lan

2019-12-19 00:38:31,475 ERROR 40862 nodejs.TypeError: [egg-socket.io] controller execute error: callback is not a function
    at Object.<anonymous> (/Users/haitaowu/real-lab/sparrow/packages/iceworks-server/src/app/router.ts:60:9)
    at runMicrotasks (<anonymous>)
    at processTicksAndRejections (internal/process/task_queues.js:93:5)

pid: 40862
hostname: HaitaodeMBP.lan

2019-12-19 00:40:06,520 ERROR 40862 nodejs.TypeError: [egg-socket.io] controller execute error: callback is not a function
    at Object.<anonymous> (/Users/haitaowu/real-lab/sparrow/packages/iceworks-server/src/app/router.ts:60:9)
    at runMicrotasks (<anonymous>)
    at processTicksAndRejections (internal/process/task_queues.js:93:5)

pid: 40862
hostname: HaitaodeMBP.lan

2019-12-19 00:41:50,391 ERROR 40862 nodejs.TypeError: [egg-socket.io] controller execute error: callback is not a function
    at Object.<anonymous> (/Users/haitaowu/real-lab/sparrow/packages/iceworks-server/src/app/router.ts:60:9)
    at runMicrotasks (<anonymous>)
    at processTicksAndRejections (internal/process/task_queues.js:93:5)

pid: 40862
hostname: HaitaodeMBP.lan

