2019-12-19 00:00:31,989 INFO 40862 home.project.list
2019-12-19 00:00:31,991 ERROR 40862 nodejs.TypeError: callback is not a function
    at Object.<anonymous> (/Users/haitaowu/real-lab/sparrow/packages/iceworks-server/src/app/router.ts:57:9)
    at runMicrotasks (<anonymous>)
    at processTicksAndRejections (internal/process/task_queues.js:93:5)

pid: 40862
hostname: HaitaodeMBP.lan

2019-12-19 00:01:57,144 INFO 40862 home.project.list
2019-12-19 00:01:57,145 ERROR 40862 nodejs.TypeError: callback is not a function
    at Object.<anonymous> (/Users/haitaowu/real-lab/sparrow/packages/iceworks-server/src/app/router.ts:57:9)
    at runMicrotasks (<anonymous>)
    at processTicksAndRejections (internal/process/task_queues.js:93:5)

pid: 40862
hostname: HaitaodeMBP.lan

2019-12-19 00:02:27,895 INFO 40862 home.project.list
2019-12-19 00:02:27,897 ERROR 40862 nodejs.TypeError: callback is not a function
    at Object.<anonymous> (/Users/haitaowu/real-lab/sparrow/packages/iceworks-server/src/app/router.ts:57:9)
    at runMicrotasks (<anonymous>)
    at processTicksAndRejections (internal/process/task_queues.js:93:5)

pid: 40862
hostname: HaitaodeMBP.lan

2019-12-19 00:02:59,013 INFO 40862 home.project.list
2019-12-19 00:02:59,013 ERROR 40862 nodejs.TypeError: callback is not a function
    at Object.<anonymous> (/Users/haitaowu/real-lab/sparrow/packages/iceworks-server/src/app/router.ts:57:9)
    at runMicrotasks (<anonymous>)
    at processTicksAndRejections (internal/process/task_queues.js:93:5)

pid: 40862
hostname: HaitaodeMBP.lan

2019-12-19 00:03:56,139 INFO 40862 home.project.list
2019-12-19 00:03:56,140 ERROR 40862 nodejs.TypeError: callback is not a function
    at Object.<anonymous> (/Users/haitaowu/real-lab/sparrow/packages/iceworks-server/src/app/router.ts:57:9)
    at runMicrotasks (<anonymous>)
    at processTicksAndRejections (internal/process/task_queues.js:93:5)

pid: 40862
hostname: HaitaodeMBP.lan

2019-12-19 00:04:53,118 INFO 40862 home.project.list
2019-12-19 00:04:53,119 ERROR 40862 nodejs.TypeError: callback is not a function
    at Object.<anonymous> (/Users/haitaowu/real-lab/sparrow/packages/iceworks-server/src/app/router.ts:57:9)
    at runMicrotasks (<anonymous>)
    at processTicksAndRejections (internal/process/task_queues.js:93:5)

pid: 40862
hostname: HaitaodeMBP.lan

2019-12-19 00:05:50,118 INFO 40862 home.project.list
2019-12-19 00:05:50,120 ERROR 40862 nodejs.TypeError: callback is not a function
    at Object.<anonymous> (/Users/haitaowu/real-lab/sparrow/packages/iceworks-server/src/app/router.ts:57:9)
    at runMicrotasks (<anonymous>)
    at processTicksAndRejections (internal/process/task_queues.js:93:5)

pid: 40862
hostname: HaitaodeMBP.lan

2019-12-19 00:06:47,139 INFO 40862 home.project.list
2019-12-19 00:06:47,139 ERROR 40862 nodejs.TypeError: callback is not a function
    at Object.<anonymous> (/Users/haitaowu/real-lab/sparrow/packages/iceworks-server/src/app/router.ts:57:9)
    at runMicrotasks (<anonymous>)
    at processTicksAndRejections (internal/process/task_queues.js:93:5)

pid: 40862
hostname: HaitaodeMBP.lan

2019-12-19 00:07:44,155 INFO 40862 home.project.list
2019-12-19 00:07:44,155 ERROR 40862 nodejs.TypeError: callback is not a function
    at Object.<anonymous> (/Users/haitaowu/real-lab/sparrow/packages/iceworks-server/src/app/router.ts:57:9)
    at runMicrotasks (<anonymous>)
    at processTicksAndRejections (internal/process/task_queues.js:93:5)

pid: 40862
hostname: HaitaodeMBP.lan

2019-12-19 00:08:41,148 INFO 40862 home.project.list
2019-12-19 00:08:41,148 ERROR 40862 nodejs.TypeError: callback is not a function
    at Object.<anonymous> (/Users/haitaowu/real-lab/sparrow/packages/iceworks-server/src/app/router.ts:57:9)
    at runMicrotasks (<anonymous>)
    at processTicksAndRejections (internal/process/task_queues.js:93:5)

pid: 40862
hostname: HaitaodeMBP.lan

2019-12-19 00:09:39,024 INFO 40862 home.project.list
2019-12-19 00:09:39,024 ERROR 40862 nodejs.TypeError: callback is not a function
    at Object.<anonymous> (/Users/haitaowu/real-lab/sparrow/packages/iceworks-server/src/app/router.ts:57:9)
    at runMicrotasks (<anonymous>)
    at processTicksAndRejections (internal/process/task_queues.js:93:5)

pid: 40862
hostname: HaitaodeMBP.lan

2019-12-19 00:10:36,920 INFO 40862 home.project.list
2019-12-19 00:10:36,922 ERROR 40862 nodejs.TypeError: callback is not a function
    at Object.<anonymous> (/Users/haitaowu/real-lab/sparrow/packages/iceworks-server/src/app/router.ts:57:9)
    at runMicrotasks (<anonymous>)
    at processTicksAndRejections (internal/process/task_queues.js:93:5)

pid: 40862
hostname: HaitaodeMBP.lan

2019-12-19 00:11:34,166 INFO 40862 home.project.list
2019-12-19 00:11:34,167 ERROR 40862 nodejs.TypeError: callback is not a function
    at Object.<anonymous> (/Users/haitaowu/real-lab/sparrow/packages/iceworks-server/src/app/router.ts:57:9)
    at runMicrotasks (<anonymous>)
    at processTicksAndRejections (internal/process/task_queues.js:93:5)

pid: 40862
hostname: HaitaodeMBP.lan

2019-12-19 00:12:32,007 INFO 40862 home.project.list
2019-12-19 00:12:32,007 ERROR 40862 nodejs.TypeError: callback is not a function
    at Object.<anonymous> (/Users/haitaowu/real-lab/sparrow/packages/iceworks-server/src/app/router.ts:57:9)
    at runMicrotasks (<anonymous>)
    at processTicksAndRejections (internal/process/task_queues.js:93:5)

pid: 40862
hostname: HaitaodeMBP.lan

2019-12-19 00:13:31,964 INFO 40862 home.project.list
2019-12-19 00:13:31,964 ERROR 40862 nodejs.TypeError: callback is not a function
    at Object.<anonymous> (/Users/haitaowu/real-lab/sparrow/packages/iceworks-server/src/app/router.ts:57:9)
    at runMicrotasks (<anonymous>)
    at processTicksAndRejections (internal/process/task_queues.js:93:5)

pid: 40862
hostname: HaitaodeMBP.lan

2019-12-19 00:14:30,995 INFO 40862 home.project.list
2019-12-19 00:14:30,996 ERROR 40862 nodejs.TypeError: callback is not a function
    at Object.<anonymous> (/Users/haitaowu/real-lab/sparrow/packages/iceworks-server/src/app/router.ts:57:9)
    at runMicrotasks (<anonymous>)
    at processTicksAndRejections (internal/process/task_queues.js:93:5)

pid: 40862
hostname: HaitaodeMBP.lan

2019-12-19 00:15:30,985 INFO 40862 home.project.list
2019-12-19 00:15:30,986 ERROR 40862 nodejs.TypeError: callback is not a function
    at Object.<anonymous> (/Users/haitaowu/real-lab/sparrow/packages/iceworks-server/src/app/router.ts:57:9)
    at runMicrotasks (<anonymous>)
    at processTicksAndRejections (internal/process/task_queues.js:93:5)

pid: 40862
hostname: HaitaodeMBP.lan

2019-12-19 00:16:54,066 INFO 40862 home.project.list
2019-12-19 00:16:54,066 ERROR 40862 nodejs.TypeError: callback is not a function
    at Object.<anonymous> (/Users/haitaowu/real-lab/sparrow/packages/iceworks-server/src/app/router.ts:57:9)
    at runMicrotasks (<anonymous>)
    at processTicksAndRejections (internal/process/task_queues.js:93:5)

pid: 40862
hostname: HaitaodeMBP.lan

2019-12-19 00:17:54,943 INFO 40862 home.project.list
2019-12-19 00:17:54,943 ERROR 40862 nodejs.TypeError: callback is not a function
    at Object.<anonymous> (/Users/haitaowu/real-lab/sparrow/packages/iceworks-server/src/app/router.ts:57:9)
    at runMicrotasks (<anonymous>)
    at processTicksAndRejections (internal/process/task_queues.js:93:5)

pid: 40862
hostname: HaitaodeMBP.lan

2019-12-19 00:18:52,141 INFO 40862 home.project.list
2019-12-19 00:18:52,141 ERROR 40862 nodejs.TypeError: callback is not a function
    at Object.<anonymous> (/Users/haitaowu/real-lab/sparrow/packages/iceworks-server/src/app/router.ts:57:9)
    at runMicrotasks (<anonymous>)
    at processTicksAndRejections (internal/process/task_queues.js:93:5)

pid: 40862
hostname: HaitaodeMBP.lan

2019-12-19 00:19:49,159 INFO 40862 home.project.list
2019-12-19 00:19:49,159 ERROR 40862 nodejs.TypeError: callback is not a function
    at Object.<anonymous> (/Users/haitaowu/real-lab/sparrow/packages/iceworks-server/src/app/router.ts:57:9)
    at runMicrotasks (<anonymous>)
    at processTicksAndRejections (internal/process/task_queues.js:93:5)

pid: 40862
hostname: HaitaodeMBP.lan

2019-12-19 00:20:46,931 INFO 40862 home.project.list
2019-12-19 00:20:46,932 ERROR 40862 nodejs.TypeError: callback is not a function
    at Object.<anonymous> (/Users/haitaowu/real-lab/sparrow/packages/iceworks-server/src/app/router.ts:57:9)
    at runMicrotasks (<anonymous>)
    at processTicksAndRejections (internal/process/task_queues.js:93:5)

pid: 40862
hostname: HaitaodeMBP.lan

2019-12-19 00:22:36,161 INFO 40862 home.project.list
2019-12-19 00:22:36,161 ERROR 40862 nodejs.TypeError: callback is not a function
    at Object.<anonymous> (/Users/haitaowu/real-lab/sparrow/packages/iceworks-server/src/app/router.ts:57:9)
    at runMicrotasks (<anonymous>)
    at processTicksAndRejections (internal/process/task_queues.js:93:5)

pid: 40862
hostname: HaitaodeMBP.lan

2019-12-19 00:23:33,137 INFO 40862 home.project.list
2019-12-19 00:23:33,137 ERROR 40862 nodejs.TypeError: callback is not a function
    at Object.<anonymous> (/Users/haitaowu/real-lab/sparrow/packages/iceworks-server/src/app/router.ts:57:9)
    at runMicrotasks (<anonymous>)
    at processTicksAndRejections (internal/process/task_queues.js:93:5)

pid: 40862
hostname: HaitaodeMBP.lan

2019-12-19 00:24:32,014 INFO 40862 home.project.list
2019-12-19 00:24:32,015 ERROR 40862 nodejs.TypeError: callback is not a function
    at Object.<anonymous> (/Users/haitaowu/real-lab/sparrow/packages/iceworks-server/src/app/router.ts:57:9)
    at runMicrotasks (<anonymous>)
    at processTicksAndRejections (internal/process/task_queues.js:93:5)

pid: 40862
hostname: HaitaodeMBP.lan

2019-12-19 00:25:32,013 INFO 40862 home.project.list
2019-12-19 00:25:32,014 ERROR 40862 nodejs.TypeError: callback is not a function
    at Object.<anonymous> (/Users/haitaowu/real-lab/sparrow/packages/iceworks-server/src/app/router.ts:57:9)
    at runMicrotasks (<anonymous>)
    at processTicksAndRejections (internal/process/task_queues.js:93:5)

pid: 40862
hostname: HaitaodeMBP.lan

2019-12-19 00:26:32,028 INFO 40862 home.project.list
2019-12-19 00:26:32,034 ERROR 40862 nodejs.TypeError: callback is not a function
    at Object.<anonymous> (/Users/haitaowu/real-lab/sparrow/packages/iceworks-server/src/app/router.ts:57:9)
    at runMicrotasks (<anonymous>)
    at processTicksAndRejections (internal/process/task_queues.js:93:5)

pid: 40862
hostname: HaitaodeMBP.lan

2019-12-19 00:28:00,015 INFO 40862 home.project.list
2019-12-19 00:28:00,015 ERROR 40862 nodejs.TypeError: callback is not a function
    at Object.<anonymous> (/Users/haitaowu/real-lab/sparrow/packages/iceworks-server/src/app/router.ts:57:9)
    at runMicrotasks (<anonymous>)
    at processTicksAndRejections (internal/process/task_queues.js:93:5)

pid: 40862
hostname: HaitaodeMBP.lan

2019-12-19 00:28:32,043 INFO 40862 home.project.list
2019-12-19 00:28:32,043 ERROR 40862 nodejs.TypeError: callback is not a function
    at Object.<anonymous> (/Users/haitaowu/real-lab/sparrow/packages/iceworks-server/src/app/router.ts:57:9)
    at runMicrotasks (<anonymous>)
    at processTicksAndRejections (internal/process/task_queues.js:93:5)

pid: 40862
hostname: HaitaodeMBP.lan

2019-12-19 00:29:31,013 INFO 40862 home.project.list
2019-12-19 00:29:31,014 ERROR 40862 nodejs.TypeError: callback is not a function
    at Object.<anonymous> (/Users/haitaowu/real-lab/sparrow/packages/iceworks-server/src/app/router.ts:57:9)
    at runMicrotasks (<anonymous>)
    at processTicksAndRejections (internal/process/task_queues.js:93:5)

pid: 40862
hostname: HaitaodeMBP.lan

2019-12-19 00:30:56,175 INFO 40862 home.project.list
2019-12-19 00:30:56,176 ERROR 40862 nodejs.TypeError: callback is not a function
    at Object.<anonymous> (/Users/haitaowu/real-lab/sparrow/packages/iceworks-server/src/app/router.ts:57:9)
    at runMicrotasks (<anonymous>)
    at processTicksAndRejections (internal/process/task_queues.js:93:5)

pid: 40862
hostname: HaitaodeMBP.lan

2019-12-19 00:31:53,184 INFO 40862 home.project.list
2019-12-19 00:31:53,184 ERROR 40862 nodejs.TypeError: callback is not a function
    at Object.<anonymous> (/Users/haitaowu/real-lab/sparrow/packages/iceworks-server/src/app/router.ts:57:9)
    at runMicrotasks (<anonymous>)
    at processTicksAndRejections (internal/process/task_queues.js:93:5)

pid: 40862
hostname: HaitaodeMBP.lan

2019-12-19 00:32:54,606 INFO 40862 home.project.list
2019-12-19 00:32:54,606 ERROR 40862 nodejs.TypeError: callback is not a function
    at Object.<anonymous> (/Users/haitaowu/real-lab/sparrow/packages/iceworks-server/src/app/router.ts:57:9)
    at runMicrotasks (<anonymous>)
    at processTicksAndRejections (internal/process/task_queues.js:93:5)

pid: 40862
hostname: HaitaodeMBP.lan

2019-12-19 00:38:21,261 INFO 40862 home.project.list
2019-12-19 00:38:21,267 ERROR 40862 nodejs.TypeError: callback is not a function
    at Object.<anonymous> (/Users/haitaowu/real-lab/sparrow/packages/iceworks-server/src/app/router.ts:57:9)
    at runMicrotasks (<anonymous>)
    at processTicksAndRejections (internal/process/task_queues.js:93:5)

pid: 40862
hostname: HaitaodeMBP.lan

2019-12-19 00:38:31,469 INFO 40862 home.project.list
2019-12-19 00:38:31,474 ERROR 40862 nodejs.TypeError: callback is not a function
    at Object.<anonymous> (/Users/haitaowu/real-lab/sparrow/packages/iceworks-server/src/app/router.ts:57:9)
    at runMicrotasks (<anonymous>)
    at processTicksAndRejections (internal/process/task_queues.js:93:5)

pid: 40862
hostname: HaitaodeMBP.lan

2019-12-19 00:40:06,473 INFO 40862 home.project.list
2019-12-19 00:40:06,478 ERROR 40862 nodejs.TypeError: callback is not a function
    at Object.<anonymous> (/Users/haitaowu/real-lab/sparrow/packages/iceworks-server/src/app/router.ts:57:9)
    at runMicrotasks (<anonymous>)
    at processTicksAndRejections (internal/process/task_queues.js:93:5)

pid: 40862
hostname: HaitaodeMBP.lan

2019-12-19 00:41:50,390 INFO 40862 home.project.list
2019-12-19 00:41:50,390 ERROR 40862 nodejs.TypeError: callback is not a function
    at Object.<anonymous> (/Users/haitaowu/real-lab/sparrow/packages/iceworks-server/src/app/router.ts:57:9)
    at runMicrotasks (<anonymous>)
    at processTicksAndRejections (internal/process/task_queues.js:93:5)

pid: 40862
hostname: HaitaodeMBP.lan

